TN:
SF:pages\admin\carAudit.vue
FN:2,_regeneratorDefine2
FN:2,_regeneratorDefine
FN:2,o
FN:2,(anonymous_3)
FN:3,asyncGeneratorStep
FN:4,_asyncToGenerator
FN:4,(anonymous_6)
FN:4,(anonymous_7)
FN:4,_next
FN:4,_throw
FN:8,data
FN:16,fetchPendingCars
FN:19,_callee
FN:21,(anonymous_13)
FN:49,auditCar
FN:52,_callee2
FN:54,(anonymous_16)
FN:87,formatDate
FN:94,onShow
FN:127,render
FN:130,(anonymous_20)
FN:136,onClick
FN:141,onClick
FNF:23
FNH:0
FNDA:0,_regeneratorDefine2
FNDA:0,_regeneratorDefine
FNDA:0,o
FNDA:0,(anonymous_3)
FNDA:0,asyncGeneratorStep
FNDA:0,_asyncToGenerator
FNDA:0,(anonymous_6)
FNDA:0,(anonymous_7)
FNDA:0,_next
FNDA:0,_throw
FNDA:0,data
FNDA:0,fetchPendingCars
FNDA:0,_callee
FNDA:0,(anonymous_13)
FNDA:0,auditCar
FNDA:0,_callee2
FNDA:0,(anonymous_16)
FNDA:0,formatDate
FNDA:0,onShow
FNDA:0,render
FNDA:0,(anonymous_20)
FNDA:0,onClick
FNDA:0,onClick
DA:2,0
DA:3,0
DA:4,0
DA:9,0
DA:19,0
DA:21,0
DA:22,0
DA:24,0
DA:25,0
DA:26,0
DA:27,0
DA:29,0
DA:30,0
DA:31,0
DA:32,0
DA:34,0
DA:35,0
DA:36,0
DA:41,0
DA:43,0
DA:52,0
DA:54,0
DA:55,0
DA:57,0
DA:60,0
DA:61,0
DA:62,0
DA:64,0
DA:65,0
DA:69,0
DA:70,0
DA:71,0
DA:73,0
DA:74,0
DA:75,0
DA:76,0
DA:81,0
DA:88,0
DA:89,0
DA:90,0
DA:95,0
DA:98,0
DA:100,0
DA:103,0
DA:104,0
DA:105,0
DA:108,0
DA:112,0
DA:115,0
DA:119,0
DA:122,0
DA:125,0
DA:126,0
DA:128,0
DA:131,0
DA:137,0
DA:142,0
DA:146,0
LF:58
LH:0
BRDA:2,0,0,0
BRDA:2,0,1,0
BRDA:2,1,0,0
BRDA:2,1,1,0
BRDA:3,2,0,0
BRDA:3,2,1,0
BRDA:22,3,0,0
BRDA:22,3,1,0
BRDA:22,3,2,0
BRDA:22,3,3,0
BRDA:22,3,4,0
BRDA:55,4,0,0
BRDA:55,4,1,0
BRDA:55,4,2,0
BRDA:55,4,3,0
BRDA:66,5,0,0
BRDA:66,5,1,0
BRDA:88,6,0,0
BRDA:88,6,1,0
BRDA:128,7,0,0
BRDA:128,7,1,0
BRDA:130,8,0,0
BRDA:130,8,1,0
BRDA:130,9,0,0
BRDA:130,9,1,0
BRF:25
BRH:0
end_of_record
TN:
SF:pages\admin\complaint.vue
FN:2,_nonIterableSpread
FN:3,_unsupportedIterableToArray
FN:4,_iterableToArray
FN:5,_arrayWithoutHoles
FN:6,_arrayLikeToArray
FN:7,_regenerator
FN:7,i
FN:7,(anonymous_7)
FN:7,d
FN:7,d
FN:7,(anonymous_10)
FN:7,Generator
FN:7,GeneratorFunction
FN:7,GeneratorFunctionPrototype
FN:7,(anonymous_14)
FN:7,f
FN:7,(anonymous_16)
FN:7,(anonymous_17)
FN:7,_regenerator
FN:8,_regeneratorDefine2
FN:8,_regeneratorDefine
FN:8,o
FN:8,(anonymous_22)
FN:9,asyncGeneratorStep
FN:10,_asyncToGenerator
FN:10,(anonymous_25)
FN:10,(anonymous_26)
FN:10,_next
FN:10,_throw
FN:14,data
FN:23,onLoad
FN:29,fetchComplaints
FN:32,_callee
FN:34,(anonymous_33)
FN:75,handleProcess
FN:78,_callee3
FN:79,(anonymous_36)
FN:87,(anonymous_37)
FN:90,_callee2
FN:155,success
FN:169,viewDetail
FN:175,closeDetailModal
FN:181,formatDate
FN:322,render
FN:329,(anonymous_44)
FN:348,onClick
FN:354,onClick
FN:361,(anonymous_47)
FN:368,(anonymous_48)
FN:375,(anonymous_49)
FN:379,(anonymous_50)
FN:412,(anonymous_51)
FNF:52
FNH:0
FNDA:0,_nonIterableSpread
FNDA:0,_unsupportedIterableToArray
FNDA:0,_iterableToArray
FNDA:0,_arrayWithoutHoles
FNDA:0,_arrayLikeToArray
FNDA:0,_regenerator
FNDA:0,i
FNDA:0,(anonymous_7)
FNDA:0,d
FNDA:0,d
FNDA:0,(anonymous_10)
FNDA:0,Generator
FNDA:0,GeneratorFunction
FNDA:0,GeneratorFunctionPrototype
FNDA:0,(anonymous_14)
FNDA:0,f
FNDA:0,(anonymous_16)
FNDA:0,(anonymous_17)
FNDA:0,_regenerator
FNDA:0,_regeneratorDefine2
FNDA:0,_regeneratorDefine
FNDA:0,o
FNDA:0,(anonymous_22)
FNDA:0,asyncGeneratorStep
FNDA:0,_asyncToGenerator
FNDA:0,(anonymous_25)
FNDA:0,(anonymous_26)
FNDA:0,_next
FNDA:0,_throw
FNDA:0,data
FNDA:0,onLoad
FNDA:0,fetchComplaints
FNDA:0,_callee
FNDA:0,(anonymous_33)
FNDA:0,handleProcess
FNDA:0,_callee3
FNDA:0,(anonymous_36)
FNDA:0,(anonymous_37)
FNDA:0,_callee2
FNDA:0,success
FNDA:0,viewDetail
FNDA:0,closeDetailModal
FNDA:0,formatDate
FNDA:0,render
FNDA:0,(anonymous_44)
FNDA:0,onClick
FNDA:0,onClick
FNDA:0,(anonymous_47)
FNDA:0,(anonymous_48)
FNDA:0,(anonymous_49)
FNDA:0,(anonymous_50)
FNDA:0,(anonymous_51)
DA:2,0
DA:3,0
DA:4,0
DA:5,0
DA:6,0
DA:7,0
DA:8,0
DA:9,0
DA:10,0
DA:15,0
DA:24,0
DA:32,0
DA:34,0
DA:35,0
DA:37,0
DA:38,0
DA:39,0
DA:40,0
DA:42,0
DA:43,0
DA:44,0
DA:46,0
DA:51,0
DA:52,0
DA:54,0
DA:55,0
DA:56,0
DA:59,0
DA:64,0
DA:65,0
DA:66,0
DA:68,0
DA:78,0
DA:79,0
DA:80,0
DA:82,0
DA:88,0
DA:156,0
DA:158,0
DA:162,0
DA:170,0
DA:171,0
DA:176,0
DA:177,0
DA:182,0
DA:183,0
DA:184,0
DA:188,0
DA:190,0
DA:193,0
DA:194,0
DA:195,0
DA:198,0
DA:202,0
DA:206,0
DA:210,0
DA:213,0
DA:216,0
DA:219,0
DA:222,0
DA:225,0
DA:228,0
DA:231,0
DA:234,0
DA:238,0
DA:241,0
DA:245,0
DA:248,0
DA:251,0
DA:252,0
DA:253,0
DA:257,0
DA:260,0
DA:263,0
DA:266,0
DA:269,0
DA:272,0
DA:275,0
DA:278,0
DA:281,0
DA:284,0
DA:287,0
DA:290,0
DA:294,0
DA:297,0
DA:300,0
DA:303,0
DA:306,0
DA:309,0
DA:312,0
DA:316,0
DA:319,0
DA:323,0
DA:324,0
DA:325,0
DA:330,0
DA:349,0
DA:355,0
DA:362,0
DA:369,0
DA:376,0
DA:380,0
DA:413,0
DA:416,0
LF:104
LH:0
BRDA:3,0,0,0
BRDA:3,0,1,0
BRDA:3,1,0,0
BRDA:3,1,1,0
BRDA:3,2,0,0
BRDA:3,2,1,0
BRDA:3,2,2,0
BRDA:3,3,0,0
BRDA:3,3,1,0
BRDA:3,4,0,0
BRDA:3,4,1,0
BRDA:3,5,0,0
BRDA:3,5,1,0
BRDA:3,6,0,0
BRDA:3,6,1,0
BRDA:4,7,0,0
BRDA:4,7,1,0
BRDA:4,8,0,0
BRDA:4,8,1,0
BRDA:4,8,2,0
BRDA:5,9,0,0
BRDA:5,9,1,0
BRDA:6,10,0,0
BRDA:6,10,1,0
BRDA:6,10,2,0
BRDA:7,11,0,0
BRDA:7,11,1,0
BRDA:7,12,0,0
BRDA:7,12,1,0
BRDA:7,13,0,0
BRDA:7,13,1,0
BRDA:7,14,0,0
BRDA:7,14,1,0
BRDA:7,15,0,0
BRDA:7,15,1,0
BRDA:7,16,0,0
BRDA:7,16,1,0
BRDA:7,17,0,0
BRDA:7,17,1,0
BRDA:7,17,2,0
BRDA:7,17,3,0
BRDA:7,18,0,0
BRDA:7,18,1,0
BRDA:7,19,0,0
BRDA:7,19,1,0
BRDA:7,20,0,0
BRDA:7,20,1,0
BRDA:7,21,0,0
BRDA:7,21,1,0
BRDA:7,22,0,0
BRDA:7,22,1,0
BRDA:7,23,0,0
BRDA:7,23,1,0
BRDA:7,24,0,0
BRDA:7,24,1,0
BRDA:7,24,2,0
BRDA:7,25,0,0
BRDA:7,25,1,0
BRDA:7,25,2,0
BRDA:7,26,0,0
BRDA:7,26,1,0
BRDA:7,27,0,0
BRDA:7,27,1,0
BRDA:7,28,0,0
BRDA:7,28,1,0
BRDA:7,29,0,0
BRDA:7,29,1,0
BRDA:7,29,2,0
BRDA:7,30,0,0
BRDA:7,30,1,0
BRDA:7,31,0,0
BRDA:7,31,1,0
BRDA:7,32,0,0
BRDA:7,32,1,0
BRDA:7,33,0,0
BRDA:7,33,1,0
BRDA:7,34,0,0
BRDA:7,34,1,0
BRDA:7,35,0,0
BRDA:7,35,1,0
BRDA:7,36,0,0
BRDA:7,36,1,0
BRDA:7,37,0,0
BRDA:7,37,1,0
BRDA:7,38,0,0
BRDA:7,38,1,0
BRDA:7,39,0,0
BRDA:7,39,1,0
BRDA:7,40,0,0
BRDA:7,40,1,0
BRDA:7,41,0,0
BRDA:7,41,1,0
BRDA:7,42,0,0
BRDA:7,42,1,0
BRDA:7,42,2,0
BRDA:7,43,0,0
BRDA:7,43,1,0
BRDA:7,44,0,0
BRDA:7,44,1,0
BRDA:7,45,0,0
BRDA:7,45,1,0
BRDA:7,46,0,0
BRDA:7,46,1,0
BRDA:7,47,0,0
BRDA:7,47,1,0
BRDA:8,48,0,0
BRDA:8,48,1,0
BRDA:8,49,0,0
BRDA:8,49,1,0
BRDA:9,50,0,0
BRDA:9,50,1,0
BRDA:35,51,0,0
BRDA:35,51,1,0
BRDA:35,51,2,0
BRDA:35,51,3,0
BRDA:35,51,4,0
BRDA:43,52,0,0
BRDA:43,52,1,0
BRDA:43,53,0,0
BRDA:43,53,1,0
BRDA:44,54,0,0
BRDA:44,54,1,0
BRDA:47,55,0,0
BRDA:47,55,1,0
BRDA:80,56,0,0
BRDA:80,56,1,0
BRDA:182,57,0,0
BRDA:182,57,1,0
BRDA:325,58,0,0
BRDA:325,58,1,0
BRDA:329,59,0,0
BRDA:329,59,1,0
BRDA:329,60,0,0
BRDA:329,60,1,0
BRDA:329,61,0,0
BRDA:329,61,1,0
BRDA:329,62,0,0
BRDA:329,62,1,0
BRDA:334,63,0,0
BRDA:334,63,1,0
BRDA:335,64,0,0
BRDA:335,64,1,0
BRDA:335,65,0,0
BRDA:335,65,1,0
BRDA:337,66,0,0
BRDA:337,66,1,0
BRDA:339,67,0,0
BRDA:339,67,1,0
BRDA:341,68,0,0
BRDA:341,68,1,0
BRDA:341,69,0,0
BRDA:341,69,1,0
BRDA:343,70,0,0
BRDA:343,70,1,0
BRDA:343,71,0,0
BRDA:343,71,1,0
BRDA:345,72,0,0
BRDA:345,72,1,0
BRDA:358,73,0,0
BRDA:358,73,1,0
BRDA:361,74,0,0
BRDA:361,74,1,0
BRDA:362,75,0,0
BRDA:362,75,1,0
BRDA:364,76,0,0
BRDA:364,76,1,0
BRDA:364,77,0,0
BRDA:364,77,1,0
BRDA:368,78,0,0
BRDA:368,78,1,0
BRDA:369,79,0,0
BRDA:369,79,1,0
BRDA:376,80,0,0
BRDA:376,80,1,0
BRDA:380,81,0,0
BRDA:380,81,1,0
BRDA:382,82,0,0
BRDA:382,82,1,0
BRDA:384,83,0,0
BRDA:384,83,1,0
BRDA:386,84,0,0
BRDA:386,84,1,0
BRDA:389,85,0,0
BRDA:389,85,1,0
BRDA:390,86,0,0
BRDA:390,86,1,0
BRDA:390,87,0,0
BRDA:390,87,1,0
BRDA:392,88,0,0
BRDA:392,88,1,0
BRDA:394,89,0,0
BRDA:394,89,1,0
BRDA:394,90,0,0
BRDA:394,90,1,0
BRDA:396,91,0,0
BRDA:396,91,1,0
BRDA:398,92,0,0
BRDA:398,92,1,0
BRDA:400,93,0,0
BRDA:400,93,1,0
BRDA:402,94,0,0
BRDA:402,94,1,0
BRDA:402,95,0,0
BRDA:402,95,1,0
BRDA:412,96,0,0
BRDA:412,96,1,0
BRDA:413,97,0,0
BRDA:413,97,1,0
BRF:208
BRH:0
end_of_record
TN:
SF:pages\admin\trip.vue
FN:2,_regeneratorDefine2
FN:2,_regeneratorDefine
FN:2,o
FN:2,(anonymous_3)
FN:3,asyncGeneratorStep
FN:4,_asyncToGenerator
FN:4,(anonymous_6)
FN:4,(anonymous_7)
FN:4,_next
FN:4,_throw
FN:8,data
FN:17,onLoad
FN:23,fetchTrips
FN:26,_callee
FN:28,(anonymous_14)
FN:69,viewDetail
FN:72,_callee2
FN:74,(anonymous_17)
FN:106,closeDetailModal
FN:112,handleDelete
FN:118,success
FN:127,handleDeleteFromModal
FN:134,success
FN:144,deleteTrip
FN:147,_callee3
FN:149,(anonymous_25)
FN:166,(anonymous_26)
FN:201,formatDate
FN:208,getStatusText
FN:224,getStatusClass
FN:442,render
FN:449,(anonymous_31)
FN:467,onClick
FN:472,onClick
FN:479,(anonymous_34)
FN:486,(anonymous_35)
FN:493,(anonymous_36)
FN:497,(anonymous_37)
FN:550,(anonymous_38)
FN:555,(anonymous_39)
FNF:40
FNH:0
FNDA:0,_regeneratorDefine2
FNDA:0,_regeneratorDefine
FNDA:0,o
FNDA:0,(anonymous_3)
FNDA:0,asyncGeneratorStep
FNDA:0,_asyncToGenerator
FNDA:0,(anonymous_6)
FNDA:0,(anonymous_7)
FNDA:0,_next
FNDA:0,_throw
FNDA:0,data
FNDA:0,onLoad
FNDA:0,fetchTrips
FNDA:0,_callee
FNDA:0,(anonymous_14)
FNDA:0,viewDetail
FNDA:0,_callee2
FNDA:0,(anonymous_17)
FNDA:0,closeDetailModal
FNDA:0,handleDelete
FNDA:0,success
FNDA:0,handleDeleteFromModal
FNDA:0,success
FNDA:0,deleteTrip
FNDA:0,_callee3
FNDA:0,(anonymous_25)
FNDA:0,(anonymous_26)
FNDA:0,formatDate
FNDA:0,getStatusText
FNDA:0,getStatusClass
FNDA:0,render
FNDA:0,(anonymous_31)
FNDA:0,onClick
FNDA:0,onClick
FNDA:0,(anonymous_34)
FNDA:0,(anonymous_35)
FNDA:0,(anonymous_36)
FNDA:0,(anonymous_37)
FNDA:0,(anonymous_38)
FNDA:0,(anonymous_39)
DA:2,0
DA:3,0
DA:4,0
DA:9,0
DA:18,0
DA:26,0
DA:28,0
DA:29,0
DA:31,0
DA:32,0
DA:33,0
DA:34,0
DA:36,0
DA:37,0
DA:38,0
DA:40,0
DA:45,0
DA:46,0
DA:48,0
DA:49,0
DA:50,0
DA:53,0
DA:58,0
DA:59,0
DA:60,0
DA:62,0
DA:72,0
DA:74,0
DA:75,0
DA:78,0
DA:79,0
DA:82,0
DA:83,0
DA:84,0
DA:86,0
DA:87,0
DA:88,0
DA:90,0
DA:91,0
DA:93,0
DA:94,0
DA:95,0
DA:99,0
DA:107,0
DA:108,0
DA:115,0
DA:119,0
DA:120,0
DA:130,0
DA:131,0
DA:135,0
DA:136,0
DA:137,0
DA:147,0
DA:149,0
DA:150,0
DA:152,0
DA:153,0
DA:156,0
DA:157,0
DA:159,0
DA:160,0
DA:161,0
DA:166,0
DA:172,0
DA:177,0
DA:178,0
DA:180,0
DA:181,0
DA:182,0
DA:185,0
DA:190,0
DA:191,0
DA:192,0
DA:194,0
DA:202,0
DA:203,0
DA:204,0
DA:209,0
DA:211,0
DA:213,0
DA:215,0
DA:217,0
DA:219,0
DA:225,0
DA:227,0
DA:229,0
DA:231,0
DA:233,0
DA:235,0
DA:240,0
DA:242,0
DA:245,0
DA:246,0
DA:247,0
DA:250,0
DA:254,0
DA:258,0
DA:262,0
DA:265,0
DA:268,0
DA:271,0
DA:274,0
DA:277,0
DA:280,0
DA:283,0
DA:286,0
DA:289,0
DA:292,0
DA:295,0
DA:298,0
DA:301,0
DA:304,0
DA:307,0
DA:310,0
DA:313,0
DA:314,0
DA:315,0
DA:319,0
DA:322,0
DA:325,0
DA:328,0
DA:331,0
DA:334,0
DA:337,0
DA:340,0
DA:343,0
DA:346,0
DA:349,0
DA:352,0
DA:355,0
DA:358,0
DA:361,0
DA:365,0
DA:368,0
DA:371,0
DA:374,0
DA:377,0
DA:380,0
DA:383,0
DA:386,0
DA:389,0
DA:392,0
DA:395,0
DA:398,0
DA:402,0
DA:406,0
DA:409,0
DA:413,0
DA:416,0
DA:420,0
DA:423,0
DA:427,0
DA:430,0
DA:433,0
DA:436,0
DA:439,0
DA:443,0
DA:444,0
DA:445,0
DA:450,0
DA:468,0
DA:473,0
DA:480,0
DA:487,0
DA:494,0
DA:498,0
DA:551,0
DA:556,0
DA:559,0
LF:170
LH:0
BRDA:2,0,0,0
BRDA:2,0,1,0
BRDA:2,1,0,0
BRDA:2,1,1,0
BRDA:3,2,0,0
BRDA:3,2,1,0
BRDA:29,3,0,0
BRDA:29,3,1,0
BRDA:29,3,2,0
BRDA:29,3,3,0
BRDA:29,3,4,0
BRDA:37,4,0,0
BRDA:37,4,1,0
BRDA:37,5,0,0
BRDA:37,5,1,0
BRDA:38,6,0,0
BRDA:38,6,1,0
BRDA:41,7,0,0
BRDA:41,7,1,0
BRDA:75,8,0,0
BRDA:75,8,1,0
BRDA:75,8,2,0
BRDA:75,8,3,0
BRDA:87,9,0,0
BRDA:87,9,1,0
BRDA:87,10,0,0
BRDA:87,10,1,0
BRDA:87,10,2,0
BRDA:119,11,0,0
BRDA:119,11,1,0
BRDA:130,12,0,0
BRDA:130,12,1,0
BRDA:135,13,0,0
BRDA:135,13,1,0
BRDA:150,14,0,0
BRDA:150,14,1,0
BRDA:150,14,2,0
BRDA:150,14,3,0
BRDA:150,14,4,0
BRDA:160,15,0,0
BRDA:160,15,1,0
BRDA:160,16,0,0
BRDA:160,16,1,0
BRDA:173,17,0,0
BRDA:173,17,1,0
BRDA:202,18,0,0
BRDA:202,18,1,0
BRDA:209,19,0,0
BRDA:209,19,1,0
BRDA:209,19,2,0
BRDA:209,19,3,0
BRDA:209,19,4,0
BRDA:225,20,0,0
BRDA:225,20,1,0
BRDA:225,20,2,0
BRDA:225,20,3,0
BRDA:225,20,4,0
BRDA:445,21,0,0
BRDA:445,21,1,0
BRDA:449,22,0,0
BRDA:449,22,1,0
BRDA:449,23,0,0
BRDA:449,23,1,0
BRDA:449,24,0,0
BRDA:449,24,1,0
BRDA:449,25,0,0
BRDA:449,25,1,0
BRDA:449,26,0,0
BRDA:449,26,1,0
BRDA:455,27,0,0
BRDA:455,27,1,0
BRDA:457,28,0,0
BRDA:457,28,1,0
BRDA:459,29,0,0
BRDA:459,29,1,0
BRDA:461,30,0,0
BRDA:461,30,1,0
BRDA:463,31,0,0
BRDA:463,31,1,0
BRDA:476,32,0,0
BRDA:476,32,1,0
BRDA:479,33,0,0
BRDA:479,33,1,0
BRDA:480,34,0,0
BRDA:480,34,1,0
BRDA:482,35,0,0
BRDA:482,35,1,0
BRDA:482,36,0,0
BRDA:482,36,1,0
BRDA:486,37,0,0
BRDA:486,37,1,0
BRDA:487,38,0,0
BRDA:487,38,1,0
BRDA:494,39,0,0
BRDA:494,39,1,0
BRDA:498,40,0,0
BRDA:498,40,1,0
BRDA:500,41,0,0
BRDA:500,41,1,0
BRDA:502,42,0,0
BRDA:502,42,1,0
BRDA:506,43,0,0
BRDA:506,43,1,0
BRDA:508,44,0,0
BRDA:508,44,1,0
BRDA:510,45,0,0
BRDA:510,45,1,0
BRDA:512,46,0,0
BRDA:512,46,1,0
BRDA:514,47,0,0
BRDA:514,47,1,0
BRDA:516,48,0,0
BRDA:516,48,1,0
BRDA:516,49,0,0
BRDA:516,49,1,0
BRDA:518,50,0,0
BRDA:518,50,1,0
BRDA:520,51,0,0
BRDA:520,51,1,0
BRDA:522,52,0,0
BRDA:522,52,1,0
BRDA:524,53,0,0
BRDA:524,53,1,0
BRDA:526,54,0,0
BRDA:526,54,1,0
BRDA:528,55,0,0
BRDA:528,55,1,0
BRDA:530,56,0,0
BRDA:530,56,1,0
BRDA:530,57,0,0
BRDA:530,57,1,0
BRDA:530,58,0,0
BRDA:530,58,1,0
BRDA:532,59,0,0
BRDA:532,59,1,0
BRDA:532,60,0,0
BRDA:532,60,1,0
BRDA:534,61,0,0
BRDA:534,61,1,0
BRDA:534,62,0,0
BRDA:534,62,1,0
BRDA:536,63,0,0
BRDA:536,63,1,0
BRDA:536,64,0,0
BRDA:536,64,1,0
BRDA:536,65,0,0
BRDA:536,65,1,0
BRDA:538,66,0,0
BRDA:538,66,1,0
BRDA:540,67,0,0
BRDA:540,67,1,0
BRDA:550,68,0,0
BRDA:550,68,1,0
BRDA:551,69,0,0
BRDA:551,69,1,0
BRDA:555,70,0,0
BRDA:555,70,1,0
BRDA:556,71,0,0
BRDA:556,71,1,0
BRF:159
BRH:0
end_of_record
TN:
SF:pages\admin\user.vue
FN:4,data
FN:11,onShow
FN:16,fetchUsers
FN:20,(anonymous_3)
FN:32,(anonymous_4)
FN:41,updateStatus
FN:45,(anonymous_6)
FN:61,(anonymous_7)
FN:70,userTypeText
FN:128,render
FN:131,(anonymous_10)
FN:138,onClick
FN:144,onClick
FNF:13
FNH:0
FNDA:0,data
FNDA:0,onShow
FNDA:0,fetchUsers
FNDA:0,(anonymous_3)
FNDA:0,(anonymous_4)
FNDA:0,updateStatus
FNDA:0,(anonymous_6)
FNDA:0,(anonymous_7)
FNDA:0,userTypeText
FNDA:0,render
FNDA:0,(anonymous_10)
FNDA:0,onClick
FNDA:0,onClick
DA:5,0
DA:12,0
DA:19,0
DA:20,0
DA:21,0
DA:22,0
DA:23,0
DA:25,0
DA:33,0
DA:34,0
DA:42,0
DA:45,0
DA:46,0
DA:47,0
DA:48,0
DA:49,0
DA:54,0
DA:62,0
DA:63,0
DA:71,0
DA:73,0
DA:75,0
DA:77,0
DA:79,0
DA:84,0
DA:86,0
DA:89,0
DA:90,0
DA:91,0
DA:94,0
DA:98,0
DA:101,0
DA:105,0
DA:108,0
DA:111,0
DA:114,0
DA:117,0
DA:120,0
DA:123,0
DA:126,0
DA:127,0
DA:129,0
DA:132,0
DA:139,0
DA:145,0
DA:149,0
LF:46
LH:0
BRDA:22,0,0,0
BRDA:22,0,1,0
BRDA:26,1,0,0
BRDA:26,1,1,0
BRDA:47,2,0,0
BRDA:47,2,1,0
BRDA:55,3,0,0
BRDA:55,3,1,0
BRDA:71,4,0,0
BRDA:71,4,1,0
BRDA:71,4,2,0
BRDA:71,4,3,0
BRDA:129,5,0,0
BRDA:129,5,1,0
BRDA:131,6,0,0
BRDA:131,6,1,0
BRDA:131,7,0,0
BRDA:131,7,1,0
BRDA:135,8,0,0
BRDA:135,8,1,0
BRF:20
BRH:0
end_of_record
TN:
SF:pages\carManage\carManage.vue
FN:15,_typeof
FN:15,(anonymous_1)
FN:15,(anonymous_2)
FN:16,ownKeys
FN:16,(anonymous_4)
FN:17,_objectSpread
FN:17,(anonymous_6)
FN:17,(anonymous_7)
FN:18,_defineProperty
FN:19,_toPropertyKey
FN:20,_toPrimitive
FN:26,data
FN:64,onShow
FN:70,loadCarList
FN:84,openAddCarPopup
FN:89,closeAddCarPopup
FN:94,submitAddCar
FN:162,confirmDeleteCar
FN:168,success
FN:176,deleteCarById
FN:246,render
FN:252,(anonymous_21)
FN:255,(anonymous_22)
FN:263,onClick
FN:271,(anonymous_24)
FN:274,(anonymous_25)
FN:282,onUpdateModelValue
FN:292,(anonymous_27)
FN:297,(anonymous_28)
FNF:29
FNH:0
FNDA:0,_typeof
FNDA:0,(anonymous_1)
FNDA:0,(anonymous_2)
FNDA:0,ownKeys
FNDA:0,(anonymous_4)
FNDA:0,_objectSpread
FNDA:0,(anonymous_6)
FNDA:0,(anonymous_7)
FNDA:0,_defineProperty
FNDA:0,_toPropertyKey
FNDA:0,_toPrimitive
FNDA:0,data
FNDA:0,onShow
FNDA:0,loadCarList
FNDA:0,openAddCarPopup
FNDA:0,closeAddCarPopup
FNDA:0,submitAddCar
FNDA:0,confirmDeleteCar
FNDA:0,success
FNDA:0,deleteCarById
FNDA:0,render
FNDA:0,(anonymous_21)
FNDA:0,(anonymous_22)
FNDA:0,onClick
FNDA:0,(anonymous_24)
FNDA:0,(anonymous_25)
FNDA:0,onUpdateModelValue
FNDA:0,(anonymous_27)
FNDA:0,(anonymous_28)
DA:4,0
DA:7,0
DA:15,0
DA:16,0
DA:17,0
DA:18,0
DA:19,0
DA:20,0
DA:21,0
DA:27,0
DA:65,0
DA:66,0
DA:73,0
DA:85,0
DA:86,0
DA:90,0
DA:91,0
DA:97,0
DA:99,0
DA:100,0
DA:104,0
DA:106,0
DA:107,0
DA:111,0
DA:113,0
DA:114,0
DA:118,0
DA:120,0
DA:121,0
DA:125,0
DA:127,0
DA:128,0
DA:132,0
DA:137,0
DA:165,0
DA:169,0
DA:170,0
DA:179,0
DA:195,0
DA:197,0
DA:200,0
DA:201,0
DA:202,0
DA:205,0
DA:208,0
DA:212,0
DA:216,0
DA:219,0
DA:222,0
DA:225,0
DA:228,0
DA:231,0
DA:232,0
DA:235,0
DA:238,0
DA:241,0
DA:242,0
DA:243,0
DA:247,0
DA:248,0
DA:253,0
DA:256,0
DA:264,0
DA:272,0
DA:275,0
DA:283,0
DA:293,0
DA:298,0
DA:304,0
LF:69
LH:0
BRDA:15,0,0,0
BRDA:15,0,1,0
BRDA:15,1,0,0
BRDA:15,1,1,0
BRDA:15,2,0,0
BRDA:15,2,1,0
BRDA:15,3,0,0
BRDA:15,3,1,0
BRDA:15,3,2,0
BRDA:15,3,3,0
BRDA:16,4,0,0
BRDA:16,4,1,0
BRDA:16,5,0,0
BRDA:16,5,1,0
BRDA:17,6,0,0
BRDA:17,6,1,0
BRDA:17,7,0,0
BRDA:17,7,1,0
BRDA:17,8,0,0
BRDA:17,8,1,0
BRDA:18,9,0,0
BRDA:18,9,1,0
BRDA:19,10,0,0
BRDA:19,10,1,0
BRDA:20,11,0,0
BRDA:20,11,1,0
BRDA:20,12,0,0
BRDA:20,12,1,0
BRDA:20,13,0,0
BRDA:20,13,1,0
BRDA:20,14,0,0
BRDA:20,14,1,0
BRDA:20,15,0,0
BRDA:20,15,1,0
BRDA:20,16,0,0
BRDA:20,16,1,0
BRDA:73,17,0,0
BRDA:73,17,1,0
BRDA:97,18,0,0
BRDA:97,18,1,0
BRDA:99,19,0,0
BRDA:99,19,1,0
BRDA:106,20,0,0
BRDA:106,20,1,0
BRDA:113,21,0,0
BRDA:113,21,1,0
BRDA:120,22,0,0
BRDA:120,22,1,0
BRDA:127,23,0,0
BRDA:127,23,1,0
BRDA:127,24,0,0
BRDA:127,24,1,0
BRDA:169,25,0,0
BRDA:169,25,1,0
BRDA:179,26,0,0
BRDA:179,26,1,0
BRDA:248,27,0,0
BRDA:248,27,1,0
BRDA:252,28,0,0
BRDA:252,28,1,0
BRDA:253,29,0,0
BRDA:253,29,1,0
BRDA:255,30,0,0
BRDA:255,30,1,0
BRDA:261,31,0,0
BRDA:261,31,1,0
BRDA:261,32,0,0
BRDA:261,32,1,0
BRDA:261,33,0,0
BRDA:261,33,1,0
BRDA:272,34,0,0
BRDA:272,34,1,0
BRDA:285,35,0,0
BRDA:285,35,1,0
BRDA:287,36,0,0
BRDA:287,36,1,0
BRDA:292,37,0,0
BRDA:292,37,1,0
BRDA:293,38,0,0
BRDA:293,38,1,0
BRDA:297,39,0,0
BRDA:297,39,1,0
BRDA:298,40,0,0
BRDA:298,40,1,0
BRF:84
BRH:0
end_of_record
TN:
SF:pages\chat\chat.vue
FN:2,_regeneratorDefine2
FN:2,_regeneratorDefine
FN:2,o
FN:2,(anonymous_3)
FN:3,asyncGeneratorStep
FN:4,_asyncToGenerator
FN:4,(anonymous_6)
FN:4,(anonymous_7)
FN:4,_next
FN:4,_throw
FN:11,data
FN:27,onLoad
FN:57,onUnload
FN:62,fetchHistory
FN:65,_callee
FN:67,(anonymous_15)
FN:99,connect
FN:103,socketFactory
FN:113,onConnect
FN:119,(anonymous_19)
FN:127,(anonymous_20)
FN:144,onStompError
FN:150,onWebSocketClose
FN:159,disconnect
FN:167,sendMessage
FN:200,scrollToBottom
FN:203,(anonymous_26)
FN:227,render
FN:240,(anonymous_28)
FN:241,(anonymous_29)
FN:252,(anonymous_30)
FN:260,(anonymous_31)
FNF:32
FNH:0
FNDA:0,_regeneratorDefine2
FNDA:0,_regeneratorDefine
FNDA:0,o
FNDA:0,(anonymous_3)
FNDA:0,asyncGeneratorStep
FNDA:0,_asyncToGenerator
FNDA:0,(anonymous_6)
FNDA:0,(anonymous_7)
FNDA:0,_next
FNDA:0,_throw
FNDA:0,data
FNDA:0,onLoad
FNDA:0,onUnload
FNDA:0,fetchHistory
FNDA:0,_callee
FNDA:0,(anonymous_15)
FNDA:0,connect
FNDA:0,socketFactory
FNDA:0,onConnect
FNDA:0,(anonymous_19)
FNDA:0,(anonymous_20)
FNDA:0,onStompError
FNDA:0,onWebSocketClose
FNDA:0,disconnect
FNDA:0,sendMessage
FNDA:0,scrollToBottom
FNDA:0,(anonymous_26)
FNDA:0,render
FNDA:0,(anonymous_28)
FNDA:0,(anonymous_29)
FNDA:0,(anonymous_30)
FNDA:0,(anonymous_31)
DA:2,0
DA:3,0
DA:4,0
DA:8,0
DA:12,0
DA:28,0
DA:29,0
DA:30,0
DA:31,0
DA:35,0
DA:36,0
DA:39,0
DA:40,0
DA:45,0
DA:49,0
DA:50,0
DA:51,0
DA:53,0
DA:54,0
DA:58,0
DA:65,0
DA:67,0
DA:68,0
DA:70,0
DA:71,0
DA:72,0
DA:79,0
DA:80,0
DA:81,0
DA:82,0
DA:84,0
DA:85,0
DA:87,0
DA:88,0
DA:89,0
DA:93,0
DA:102,0
DA:103,0
DA:110,0
DA:114,0
DA:115,0
DA:116,0
DA:117,0
DA:120,0
DA:124,0
DA:125,0
DA:132,0
DA:134,0
DA:135,0
DA:140,0
DA:141,0
DA:145,0
DA:146,0
DA:147,0
DA:148,0
DA:151,0
DA:152,0
DA:153,0
DA:156,0
DA:160,0
DA:161,0
DA:162,0
DA:163,0
DA:168,0
DA:169,0
DA:170,0
DA:181,0
DA:182,0
DA:185,0
DA:191,0
DA:193,0
DA:203,0
DA:204,0
DA:209,0
DA:211,0
DA:214,0
DA:215,0
DA:216,0
DA:219,0
DA:222,0
DA:225,0
DA:226,0
DA:228,0
DA:229,0
DA:241,0
DA:242,0
DA:253,0
DA:261,0
DA:266,0
LF:89
LH:0
BRDA:2,0,0,0
BRDA:2,0,1,0
BRDA:2,1,0,0
BRDA:2,1,1,0
BRDA:3,2,0,0
BRDA:3,2,1,0
BRDA:28,3,0,0
BRDA:28,3,1,0
BRDA:36,4,0,0
BRDA:36,4,1,0
BRDA:39,5,0,0
BRDA:39,5,1,0
BRDA:39,6,0,0
BRDA:39,6,1,0
BRDA:39,6,2,0
BRDA:68,7,0,0
BRDA:68,7,1,0
BRDA:68,7,2,0
BRDA:68,7,3,0
BRDA:80,8,0,0
BRDA:80,8,1,0
BRDA:124,9,0,0
BRDA:124,9,1,0
BRDA:132,10,0,0
BRDA:132,10,1,0
BRDA:160,11,0,0
BRDA:160,11,1,0
BRDA:168,12,0,0
BRDA:168,12,1,0
BRDA:169,13,0,0
BRDA:169,13,1,0
BRDA:169,14,0,0
BRDA:169,14,1,0
BRDA:229,15,0,0
BRDA:229,15,1,0
BRDA:243,16,0,0
BRDA:243,16,1,0
BRDA:252,17,0,0
BRDA:252,17,1,0
BRDA:260,18,0,0
BRDA:260,18,1,0
BRDA:261,19,0,0
BRDA:261,19,1,0
BRF:43
BRH:0
end_of_record
TN:
SF:pages\complaints\complaints.vue
FN:2,_regeneratorDefine2
FN:2,_regeneratorDefine
FN:2,o
FN:2,(anonymous_3)
FN:3,_typeof
FN:3,(anonymous_5)
FN:3,(anonymous_6)
FN:4,asyncGeneratorStep
FN:5,_asyncToGenerator
FN:5,(anonymous_9)
FN:5,(anonymous_10)
FN:5,_next
FN:5,_throw
FN:9,data
FN:32,orderOptions
FN:33,(anonymous_15)
FN:47,isFormValid
FN:52,onLoad
FN:64,(anonymous_18)
FN:72,onShow
FN:88,(anonymous_20)
FN:98,loadComplaints
FN:101,_callee
FN:103,(anonymous_23)
FN:160,loadOrders
FN:163,_callee2
FN:165,(anonymous_26)
FN:196,handleOrderSelect
FN:204,submitComplaint
FN:207,_callee3
FN:209,(anonymous_30)
FN:266,formatDateTime
FN:375,render
FN:383,(anonymous_33)
FN:388,(anonymous_34)
FN:391,(anonymous_35)
FN:413,(anonymous_36)
FN:421,(anonymous_37)
FN:429,(anonymous_38)
FNF:39
FNH:0
FNDA:0,_regeneratorDefine2
FNDA:0,_regeneratorDefine
FNDA:0,o
FNDA:0,(anonymous_3)
FNDA:0,_typeof
FNDA:0,(anonymous_5)
FNDA:0,(anonymous_6)
FNDA:0,asyncGeneratorStep
FNDA:0,_asyncToGenerator
FNDA:0,(anonymous_9)
FNDA:0,(anonymous_10)
FNDA:0,_next
FNDA:0,_throw
FNDA:0,data
FNDA:0,orderOptions
FNDA:0,(anonymous_15)
FNDA:0,isFormValid
FNDA:0,onLoad
FNDA:0,(anonymous_18)
FNDA:0,onShow
FNDA:0,(anonymous_20)
FNDA:0,loadComplaints
FNDA:0,_callee
FNDA:0,(anonymous_23)
FNDA:0,loadOrders
FNDA:0,_callee2
FNDA:0,(anonymous_26)
FNDA:0,handleOrderSelect
FNDA:0,submitComplaint
FNDA:0,_callee3
FNDA:0,(anonymous_30)
FNDA:0,formatDateTime
FNDA:0,render
FNDA:0,(anonymous_33)
FNDA:0,(anonymous_34)
FNDA:0,(anonymous_35)
FNDA:0,(anonymous_36)
FNDA:0,(anonymous_37)
FNDA:0,(anonymous_38)
DA:2,0
DA:3,0
DA:4,0
DA:5,0
DA:10,0
DA:33,0
DA:34,0
DA:37,0
DA:48,0
DA:53,0
DA:54,0
DA:55,0
DA:56,0
DA:57,0
DA:58,0
DA:60,0
DA:64,0
DA:65,0
DA:73,0
DA:74,0
DA:75,0
DA:76,0
DA:77,0
DA:78,0
DA:81,0
DA:82,0
DA:84,0
DA:88,0
DA:89,0
DA:101,0
DA:103,0
DA:104,0
DA:106,0
DA:107,0
DA:108,0
DA:109,0
DA:111,0
DA:112,0
DA:115,0
DA:116,0
DA:117,0
DA:121,0
DA:122,0
DA:123,0
DA:124,0
DA:126,0
DA:129,0
DA:133,0
DA:134,0
DA:135,0
DA:136,0
DA:137,0
DA:139,0
DA:140,0
DA:141,0
DA:144,0
DA:149,0
DA:150,0
DA:151,0
DA:153,0
DA:163,0
DA:165,0
DA:166,0
DA:168,0
DA:169,0
DA:170,0
DA:172,0
DA:173,0
DA:175,0
DA:176,0
DA:177,0
DA:179,0
DA:180,0
DA:181,0
DA:184,0
DA:189,0
DA:197,0
DA:198,0
DA:199,0
DA:207,0
DA:209,0
DA:210,0
DA:212,0
DA:213,0
DA:214,0
DA:216,0
DA:220,0
DA:222,0
DA:223,0
DA:224,0
DA:225,0
DA:227,0
DA:228,0
DA:229,0
DA:235,0
DA:236,0
DA:237,0
DA:238,0
DA:241,0
DA:242,0
DA:243,0
DA:245,0
DA:246,0
DA:247,0
DA:250,0
DA:255,0
DA:256,0
DA:257,0
DA:259,0
DA:267,0
DA:268,0
DA:270,0
DA:271,0
DA:272,0
DA:273,0
DA:275,0
DA:279,0
DA:280,0
DA:282,0
DA:284,0
DA:285,0
DA:290,0
DA:292,0
DA:295,0
DA:296,0
DA:297,0
DA:300,0
DA:303,0
DA:307,0
DA:311,0
DA:315,0
DA:319,0
DA:322,0
DA:325,0
DA:328,0
DA:331,0
DA:335,0
DA:338,0
DA:342,0
DA:345,0
DA:348,0
DA:351,0
DA:355,0
DA:358,0
DA:362,0
DA:365,0
DA:368,0
DA:371,0
DA:374,0
DA:376,0
DA:377,0
DA:384,0
DA:389,0
DA:392,0
DA:414,0
DA:422,0
DA:430,0
DA:433,0
LF:158
LH:0
BRDA:2,0,0,0
BRDA:2,0,1,0
BRDA:2,1,0,0
BRDA:2,1,1,0
BRDA:3,2,0,0
BRDA:3,2,1,0
BRDA:3,3,0,0
BRDA:3,3,1,0
BRDA:3,4,0,0
BRDA:3,4,1,0
BRDA:3,5,0,0
BRDA:3,5,1,0
BRDA:3,5,2,0
BRDA:3,5,3,0
BRDA:4,6,0,0
BRDA:4,6,1,0
BRDA:34,7,0,0
BRDA:48,8,0,0
BRDA:48,8,1,0
BRDA:48,8,2,0
BRDA:55,9,0,0
BRDA:55,9,1,0
BRDA:75,10,0,0
BRDA:75,10,1,0
BRDA:104,11,0,0
BRDA:104,11,1,0
BRDA:104,11,2,0
BRDA:104,11,3,0
BRDA:104,11,4,0
BRDA:115,12,0,0
BRDA:115,12,1,0
BRDA:117,13,0,0
BRDA:117,13,1,0
BRDA:121,14,0,0
BRDA:121,14,1,0
BRDA:123,15,0,0
BRDA:123,15,1,0
BRDA:166,16,0,0
BRDA:166,16,1,0
BRDA:166,16,2,0
BRDA:166,16,3,0
BRDA:175,17,0,0
BRDA:175,17,1,0
BRDA:175,18,0,0
BRDA:175,18,1,0
BRDA:198,19,0,0
BRDA:198,19,1,0
BRDA:198,20,0,0
BRDA:198,20,1,0
BRDA:210,21,0,0
BRDA:210,21,1,0
BRDA:210,21,2,0
BRDA:210,21,3,0
BRDA:210,21,4,0
BRDA:210,21,5,0
BRDA:212,22,0,0
BRDA:212,22,1,0
BRDA:267,23,0,0
BRDA:267,23,1,0
BRDA:270,24,0,0
BRDA:270,24,1,0
BRDA:272,25,0,0
BRDA:272,25,1,0
BRDA:279,26,0,0
BRDA:279,26,1,0
BRDA:285,27,0,0
BRDA:285,27,1,0
BRDA:377,28,0,0
BRDA:377,28,1,0
BRDA:382,29,0,0
BRDA:382,29,1,0
BRDA:383,30,0,0
BRDA:383,30,1,0
BRDA:387,31,0,0
BRDA:387,31,1,0
BRDA:388,32,0,0
BRDA:388,32,1,0
BRDA:391,33,0,0
BRDA:391,33,1,0
BRDA:391,34,0,0
BRDA:391,34,1,0
BRDA:391,35,0,0
BRDA:391,35,1,0
BRDA:391,36,0,0
BRDA:391,36,1,0
BRDA:391,37,0,0
BRDA:391,37,1,0
BRDA:395,38,0,0
BRDA:395,38,1,0
BRDA:395,38,2,0
BRDA:396,39,0,0
BRDA:396,39,1,0
BRDA:396,40,0,0
BRDA:396,40,1,0
BRDA:397,41,0,0
BRDA:397,41,1,0
BRDA:397,42,0,0
BRDA:397,42,1,0
BRDA:397,43,0,0
BRDA:397,43,1,0
BRDA:399,44,0,0
BRDA:399,44,1,0
BRDA:399,44,2,0
BRDA:399,45,0,0
BRDA:399,45,1,0
BRDA:399,46,0,0
BRDA:399,46,1,0
BRDA:399,46,2,0
BRDA:399,46,3,0
BRDA:399,47,0,0
BRDA:399,47,1,0
BRDA:401,48,0,0
BRDA:401,48,1,0
BRDA:401,48,2,0
BRDA:401,49,0,0
BRDA:401,49,1,0
BRDA:401,49,2,0
BRDA:401,50,0,0
BRDA:401,50,1,0
BRDA:401,51,0,0
BRDA:401,51,1,0
BRDA:401,52,0,0
BRDA:401,52,1,0
BRDA:403,53,0,0
BRDA:403,53,1,0
BRDA:403,53,2,0
BRDA:403,54,0,0
BRDA:403,54,1,0
BRDA:403,55,0,0
BRDA:403,55,1,0
BRDA:403,56,0,0
BRDA:403,56,1,0
BRDA:404,57,0,0
BRDA:404,57,1,0
BRDA:404,58,0,0
BRDA:404,58,1,0
BRDA:414,59,0,0
BRDA:414,59,1,0
BRDA:417,60,0,0
BRDA:417,60,1,0
BRDA:421,61,0,0
BRDA:421,61,1,0
BRDA:428,62,0,0
BRDA:428,62,1,0
BRDA:429,63,0,0
BRDA:429,63,1,0
BRDA:430,64,0,0
BRDA:430,64,1,0
BRDA:432,65,0,0
BRDA:432,65,1,0
BRF:150
BRH:0
end_of_record
TN:
SF:pages\index\index.vue
FN:3,data
FN:11,userTypeText
FN:26,onShow
FN:31,onLoad
FN:37,checkLogin
FN:50,handleLogout
FN:57,success
FN:72,navigateTo
FN:105,render
FN:110,(anonymous_9)
FN:119,(anonymous_10)
FN:128,(anonymous_11)
FN:137,(anonymous_12)
FN:148,(anonymous_13)
FN:157,(anonymous_14)
FN:166,(anonymous_15)
FN:175,(anonymous_16)
FN:186,(anonymous_17)
FN:195,(anonymous_18)
FN:204,(anonymous_19)
FN:213,(anonymous_20)
FN:222,(anonymous_21)
FNF:22
FNH:0
FNDA:0,data
FNDA:0,userTypeText
FNDA:0,onShow
FNDA:0,onLoad
FNDA:0,checkLogin
FNDA:0,handleLogout
FNDA:0,success
FNDA:0,navigateTo
FNDA:0,render
FNDA:0,(anonymous_9)
FNDA:0,(anonymous_10)
FNDA:0,(anonymous_11)
FNDA:0,(anonymous_12)
FNDA:0,(anonymous_13)
FNDA:0,(anonymous_14)
FNDA:0,(anonymous_15)
FNDA:0,(anonymous_16)
FNDA:0,(anonymous_17)
FNDA:0,(anonymous_18)
FNDA:0,(anonymous_19)
FNDA:0,(anonymous_20)
FNDA:0,(anonymous_21)
DA:4,0
DA:12,0
DA:13,0
DA:15,0
DA:17,0
DA:19,0
DA:21,0
DA:28,0
DA:33,0
DA:39,0
DA:40,0
DA:41,0
DA:44,0
DA:54,0
DA:58,0
DA:60,0
DA:61,0
DA:64,0
DA:73,0
DA:79,0
DA:81,0
DA:84,0
DA:85,0
DA:86,0
DA:89,0
DA:92,0
DA:95,0
DA:98,0
DA:102,0
DA:106,0
DA:111,0
DA:120,0
DA:129,0
DA:138,0
DA:149,0
DA:158,0
DA:167,0
DA:176,0
DA:187,0
DA:196,0
DA:205,0
DA:214,0
DA:223,0
DA:226,0
LF:44
LH:0
BRDA:12,0,0,0
BRDA:12,0,1,0
BRDA:13,1,0,0
BRDA:13,1,1,0
BRDA:13,1,2,0
BRDA:13,1,3,0
BRDA:40,2,0,0
BRDA:40,2,1,0
BRDA:58,3,0,0
BRDA:58,3,1,0
BRDA:106,4,0,0
BRDA:106,4,1,0
BRDA:106,5,0,0
BRDA:106,5,1,0
BRDA:110,6,0,0
BRDA:110,6,1,0
BRDA:113,7,0,0
BRDA:113,7,1,0
BRDA:119,8,0,0
BRDA:119,8,1,0
BRDA:122,9,0,0
BRDA:122,9,1,0
BRDA:128,10,0,0
BRDA:128,10,1,0
BRDA:131,11,0,0
BRDA:131,11,1,0
BRDA:137,12,0,0
BRDA:137,12,1,0
BRDA:140,13,0,0
BRDA:140,13,1,0
BRDA:144,14,0,0
BRDA:144,14,1,0
BRDA:148,15,0,0
BRDA:148,15,1,0
BRDA:151,16,0,0
BRDA:151,16,1,0
BRDA:157,17,0,0
BRDA:157,17,1,0
BRDA:160,18,0,0
BRDA:160,18,1,0
BRDA:166,19,0,0
BRDA:166,19,1,0
BRDA:169,20,0,0
BRDA:169,20,1,0
BRDA:175,21,0,0
BRDA:175,21,1,0
BRDA:178,22,0,0
BRDA:178,22,1,0
BRDA:182,23,0,0
BRDA:182,23,1,0
BRDA:186,24,0,0
BRDA:186,24,1,0
BRDA:189,25,0,0
BRDA:189,25,1,0
BRDA:195,26,0,0
BRDA:195,26,1,0
BRDA:198,27,0,0
BRDA:198,27,1,0
BRDA:204,28,0,0
BRDA:204,28,1,0
BRDA:207,29,0,0
BRDA:207,29,1,0
BRDA:213,30,0,0
BRDA:213,30,1,0
BRDA:216,31,0,0
BRDA:216,31,1,0
BRDA:222,32,0,0
BRDA:222,32,1,0
BRDA:223,33,0,0
BRDA:223,33,1,0
BRF:70
BRH:0
end_of_record
TN:
SF:pages\login\login.vue
FN:4,data
FN:12,handleLogin
FN:38,(anonymous_2)
FN:51,(anonymous_3)
FN:65,(anonymous_4)
FN:76,(anonymous_5)
FN:78,(anonymous_6)
FN:84,goToRegister
FN:113,render
FN:123,(anonymous_9)
FN:131,(anonymous_10)
FN:137,(anonymous_11)
FN:142,(anonymous_12)
FNF:13
FNH:0
FNDA:0,data
FNDA:0,handleLogin
FNDA:0,(anonymous_2)
FNDA:0,(anonymous_3)
FNDA:0,(anonymous_4)
FNDA:0,(anonymous_5)
FNDA:0,(anonymous_6)
FNDA:0,goToRegister
FNDA:0,render
FNDA:0,(anonymous_9)
FNDA:0,(anonymous_10)
FNDA:0,(anonymous_11)
FNDA:0,(anonymous_12)
DA:5,0
DA:14,0
DA:15,0
DA:19,0
DA:21,0
DA:22,0
DA:26,0
DA:30,0
DA:35,0
DA:39,0
DA:40,0
DA:42,0
DA:45,0
DA:51,0
DA:52,0
DA:58,0
DA:66,0
DA:67,0
DA:69,0
DA:78,0
DA:79,0
DA:85,0
DA:91,0
DA:93,0
DA:96,0
DA:97,0
DA:98,0
DA:101,0
DA:104,0
DA:107,0
DA:110,0
DA:114,0
DA:124,0
DA:132,0
DA:138,0
DA:143,0
DA:146,0
LF:37
LH:0
BRDA:14,0,0,0
BRDA:14,0,1,0
BRDA:21,1,0,0
BRDA:21,1,1,0
BRDA:40,2,0,0
BRDA:40,2,1,0
BRDA:59,3,0,0
BRDA:59,3,1,0
BRDA:114,4,0,0
BRDA:114,4,1,0
BRDA:123,5,0,0
BRDA:123,5,1,0
BRDA:131,6,0,0
BRDA:131,6,1,0
BRDA:137,7,0,0
BRDA:137,7,1,0
BRDA:138,8,0,0
BRDA:138,8,1,0
BRDA:142,9,0,0
BRDA:142,9,1,0
BRDA:143,10,0,0
BRDA:143,10,1,0
BRF:22
BRH:0
end_of_record
TN:
SF:pages\myOrders\myOrders.vue
FN:2,_regenerator
FN:2,i
FN:2,(anonymous_2)
FN:2,d
FN:2,d
FN:2,(anonymous_5)
FN:2,Generator
FN:2,GeneratorFunction
FN:2,GeneratorFunctionPrototype
FN:2,(anonymous_9)
FN:2,f
FN:2,(anonymous_11)
FN:2,(anonymous_12)
FN:2,_regenerator
FN:3,_regeneratorDefine2
FN:3,_regeneratorDefine
FN:3,o
FN:3,(anonymous_17)
FN:4,ownKeys
FN:4,(anonymous_19)
FN:5,_objectSpread
FN:5,(anonymous_21)
FN:5,(anonymous_22)
FN:6,_defineProperty
FN:7,_toPropertyKey
FN:8,_toPrimitive
FN:9,asyncGeneratorStep
FN:10,_asyncToGenerator
FN:10,(anonymous_28)
FN:10,(anonymous_29)
FN:10,_next
FN:10,_throw
FN:14,uniPopup
FN:21,data
FN:37,onShow
FN:46,(anonymous_35)
FN:55,loadOrders
FN:58,_callee
FN:60,(anonymous_38)
FN:72,(anonymous_39)
FN:107,shouldShowReviewButton
FN:120,confirmOrder
FN:123,_callee2
FN:125,(anonymous_43)
FN:153,cancelOrder
FN:156,_callee4
FN:157,(anonymous_46)
FN:165,(anonymous_47)
FN:168,_callee3
FN:202,success
FN:216,openReviewDialog
FN:226,closeReviewDialog
FN:231,submitReviewOrComplaint
FN:234,_callee5
FN:236,(anonymous_54)
FN:321,orderStatusText
FN:336,payStatusText
FN:347,getOrderStatusClass
FN:362,formatDateTime
FN:374,goToChat
FN:497,render
FN:503,(anonymous_61)
FN:516,onClick
FN:522,onClick
FN:528,onClick
FN:533,onClick
FN:541,(anonymous_66)
FN:546,(anonymous_67)
FN:551,(anonymous_68)
FN:556,(anonymous_69)
FN:561,(anonymous_70)
FN:565,onClick
FN:571,(anonymous_72)
FN:578,(anonymous_73)
FN:585,(anonymous_74)
FN:590,(anonymous_75)
FNF:76
FNH:0
FNDA:0,_regenerator
FNDA:0,i
FNDA:0,(anonymous_2)
FNDA:0,d
FNDA:0,d
FNDA:0,(anonymous_5)
FNDA:0,Generator
FNDA:0,GeneratorFunction
FNDA:0,GeneratorFunctionPrototype
FNDA:0,(anonymous_9)
FNDA:0,f
FNDA:0,(anonymous_11)
FNDA:0,(anonymous_12)
FNDA:0,_regenerator
FNDA:0,_regeneratorDefine2
FNDA:0,_regeneratorDefine
FNDA:0,o
FNDA:0,(anonymous_17)
FNDA:0,ownKeys
FNDA:0,(anonymous_19)
FNDA:0,_objectSpread
FNDA:0,(anonymous_21)
FNDA:0,(anonymous_22)
FNDA:0,_defineProperty
FNDA:0,_toPropertyKey
FNDA:0,_toPrimitive
FNDA:0,asyncGeneratorStep
FNDA:0,_asyncToGenerator
FNDA:0,(anonymous_28)
FNDA:0,(anonymous_29)
FNDA:0,_next
FNDA:0,_throw
FNDA:0,uniPopup
FNDA:0,data
FNDA:0,onShow
FNDA:0,(anonymous_35)
FNDA:0,loadOrders
FNDA:0,_callee
FNDA:0,(anonymous_38)
FNDA:0,(anonymous_39)
FNDA:0,shouldShowReviewButton
FNDA:0,confirmOrder
FNDA:0,_callee2
FNDA:0,(anonymous_43)
FNDA:0,cancelOrder
FNDA:0,_callee4
FNDA:0,(anonymous_46)
FNDA:0,(anonymous_47)
FNDA:0,_callee3
FNDA:0,success
FNDA:0,openReviewDialog
FNDA:0,closeReviewDialog
FNDA:0,submitReviewOrComplaint
FNDA:0,_callee5
FNDA:0,(anonymous_54)
FNDA:0,orderStatusText
FNDA:0,payStatusText
FNDA:0,getOrderStatusClass
FNDA:0,formatDateTime
FNDA:0,goToChat
FNDA:0,render
FNDA:0,(anonymous_61)
FNDA:0,onClick
FNDA:0,onClick
FNDA:0,onClick
FNDA:0,onClick
FNDA:0,(anonymous_66)
FNDA:0,(anonymous_67)
FNDA:0,(anonymous_68)
FNDA:0,(anonymous_69)
FNDA:0,(anonymous_70)
FNDA:0,onClick
FNDA:0,(anonymous_72)
FNDA:0,(anonymous_73)
FNDA:0,(anonymous_74)
FNDA:0,(anonymous_75)
DA:2,0
DA:3,0
DA:4,0
DA:5,0
DA:6,0
DA:7,0
DA:8,0
DA:9,0
DA:10,0
DA:22,0
DA:38,0
DA:39,0
DA:40,0
DA:42,0
DA:46,0
DA:47,0
DA:58,0
DA:60,0
DA:61,0
DA:63,0
DA:64,0
DA:65,0
DA:66,0
DA:68,0
DA:69,0
DA:70,0
DA:71,0
DA:72,0
DA:81,0
DA:83,0
DA:84,0
DA:85,0
DA:87,0
DA:88,0
DA:89,0
DA:92,0
DA:97,0
DA:98,0
DA:99,0
DA:101,0
DA:108,0
DA:109,0
DA:110,0
DA:113,0
DA:114,0
DA:117,0
DA:123,0
DA:125,0
DA:126,0
DA:128,0
DA:129,0
DA:130,0
DA:132,0
DA:136,0
DA:137,0
DA:138,0
DA:140,0
DA:141,0
DA:142,0
DA:147,0
DA:156,0
DA:157,0
DA:158,0
DA:160,0
DA:166,0
DA:203,0
DA:205,0
DA:209,0
DA:217,0
DA:218,0
DA:219,0
DA:220,0
DA:221,0
DA:222,0
DA:227,0
DA:234,0
DA:236,0
DA:237,0
DA:239,0
DA:240,0
DA:241,0
DA:243,0
DA:245,0
DA:246,0
DA:247,0
DA:248,0
DA:250,0
DA:251,0
DA:252,0
DA:254,0
DA:258,0
DA:260,0
DA:267,0
DA:268,0
DA:270,0
DA:274,0
DA:275,0
DA:277,0
DA:278,0
DA:279,0
DA:281,0
DA:285,0
DA:287,0
DA:292,0
DA:293,0
DA:295,0
DA:300,0
DA:301,0
DA:302,0
DA:303,0
DA:305,0
DA:306,0
DA:307,0
DA:310,0
DA:315,0
DA:322,0
DA:324,0
DA:326,0
DA:328,0
DA:330,0
DA:332,0
DA:337,0
DA:339,0
DA:341,0
DA:343,0
DA:348,0
DA:350,0
DA:352,0
DA:354,0
DA:356,0
DA:358,0
DA:363,0
DA:364,0
DA:365,0
DA:366,0
DA:367,0
DA:369,0
DA:370,0
DA:375,0
DA:376,0
DA:377,0
DA:381,0
DA:383,0
DA:387,0
DA:395,0
DA:397,0
DA:400,0
DA:401,0
DA:402,0
DA:405,0
DA:409,0
DA:413,0
DA:417,0
DA:420,0
DA:423,0
DA:426,0
DA:430,0
DA:433,0
DA:436,0
DA:440,0
DA:443,0
DA:446,0
DA:449,0
DA:453,0
DA:456,0
DA:459,0
DA:460,0
DA:461,0
DA:462,0
DA:466,0
DA:467,0
DA:470,0
DA:473,0
DA:476,0
DA:479,0
DA:483,0
DA:486,0
DA:489,0
DA:490,0
DA:494,0
DA:498,0
DA:499,0
DA:504,0
DA:517,0
DA:523,0
DA:529,0
DA:534,0
DA:542,0
DA:547,0
DA:552,0
DA:557,0
DA:562,0
DA:566,0
DA:572,0
DA:579,0
DA:586,0
DA:591,0
DA:597,0
LF:198
LH:0
BRDA:2,0,0,0
BRDA:2,0,1,0
BRDA:2,1,0,0
BRDA:2,1,1,0
BRDA:2,2,0,0
BRDA:2,2,1,0
BRDA:2,3,0,0
BRDA:2,3,1,0
BRDA:2,4,0,0
BRDA:2,4,1,0
BRDA:2,5,0,0
BRDA:2,5,1,0
BRDA:2,6,0,0
BRDA:2,6,1,0
BRDA:2,6,2,0
BRDA:2,6,3,0
BRDA:2,7,0,0
BRDA:2,7,1,0
BRDA:2,8,0,0
BRDA:2,8,1,0
BRDA:2,9,0,0
BRDA:2,9,1,0
BRDA:2,10,0,0
BRDA:2,10,1,0
BRDA:2,11,0,0
BRDA:2,11,1,0
BRDA:2,12,0,0
BRDA:2,12,1,0
BRDA:2,13,0,0
BRDA:2,13,1,0
BRDA:2,13,2,0
BRDA:2,14,0,0
BRDA:2,14,1,0
BRDA:2,14,2,0
BRDA:2,15,0,0
BRDA:2,15,1,0
BRDA:2,16,0,0
BRDA:2,16,1,0
BRDA:2,17,0,0
BRDA:2,17,1,0
BRDA:2,18,0,0
BRDA:2,18,1,0
BRDA:2,18,2,0
BRDA:2,19,0,0
BRDA:2,19,1,0
BRDA:2,20,0,0
BRDA:2,20,1,0
BRDA:2,21,0,0
BRDA:2,21,1,0
BRDA:2,22,0,0
BRDA:2,22,1,0
BRDA:2,23,0,0
BRDA:2,23,1,0
BRDA:2,24,0,0
BRDA:2,24,1,0
BRDA:2,25,0,0
BRDA:2,25,1,0
BRDA:2,26,0,0
BRDA:2,26,1,0
BRDA:2,27,0,0
BRDA:2,27,1,0
BRDA:2,28,0,0
BRDA:2,28,1,0
BRDA:2,29,0,0
BRDA:2,29,1,0
BRDA:2,30,0,0
BRDA:2,30,1,0
BRDA:2,31,0,0
BRDA:2,31,1,0
BRDA:2,31,2,0
BRDA:2,32,0,0
BRDA:2,32,1,0
BRDA:2,33,0,0
BRDA:2,33,1,0
BRDA:2,34,0,0
BRDA:2,34,1,0
BRDA:2,35,0,0
BRDA:2,35,1,0
BRDA:2,36,0,0
BRDA:2,36,1,0
BRDA:3,37,0,0
BRDA:3,37,1,0
BRDA:3,38,0,0
BRDA:3,38,1,0
BRDA:4,39,0,0
BRDA:4,39,1,0
BRDA:4,40,0,0
BRDA:4,40,1,0
BRDA:5,41,0,0
BRDA:5,41,1,0
BRDA:5,42,0,0
BRDA:5,42,1,0
BRDA:5,43,0,0
BRDA:5,43,1,0
BRDA:6,44,0,0
BRDA:6,44,1,0
BRDA:7,45,0,0
BRDA:7,45,1,0
BRDA:8,46,0,0
BRDA:8,46,1,0
BRDA:8,47,0,0
BRDA:8,47,1,0
BRDA:8,48,0,0
BRDA:8,48,1,0
BRDA:8,49,0,0
BRDA:8,49,1,0
BRDA:8,50,0,0
BRDA:8,50,1,0
BRDA:8,51,0,0
BRDA:8,51,1,0
BRDA:9,52,0,0
BRDA:9,52,1,0
BRDA:39,53,0,0
BRDA:39,53,1,0
BRDA:61,54,0,0
BRDA:61,54,1,0
BRDA:61,54,2,0
BRDA:61,54,3,0
BRDA:61,54,4,0
BRDA:70,55,0,0
BRDA:70,55,1,0
BRDA:70,56,0,0
BRDA:70,56,1,0
BRDA:71,57,0,0
BRDA:71,57,1,0
BRDA:108,58,0,0
BRDA:108,58,1,0
BRDA:113,59,0,0
BRDA:113,59,1,0
BRDA:126,60,0,0
BRDA:126,60,1,0
BRDA:126,60,2,0
BRDA:126,60,3,0
BRDA:158,61,0,0
BRDA:158,61,1,0
BRDA:237,62,0,0
BRDA:237,62,1,0
BRDA:237,62,2,0
BRDA:237,62,3,0
BRDA:237,62,4,0
BRDA:237,62,5,0
BRDA:237,62,6,0
BRDA:237,62,7,0
BRDA:237,62,8,0
BRDA:237,62,9,0
BRDA:239,63,0,0
BRDA:239,63,1,0
BRDA:246,64,0,0
BRDA:246,64,1,0
BRDA:250,65,0,0
BRDA:250,65,1,0
BRDA:263,66,0,0
BRDA:263,66,1,0
BRDA:277,67,0,0
BRDA:277,67,1,0
BRDA:322,68,0,0
BRDA:322,68,1,0
BRDA:322,68,2,0
BRDA:322,68,3,0
BRDA:322,68,4,0
BRDA:337,69,0,0
BRDA:337,69,1,0
BRDA:337,69,2,0
BRDA:348,70,0,0
BRDA:348,70,1,0
BRDA:348,70,2,0
BRDA:348,70,3,0
BRDA:348,70,4,0
BRDA:363,71,0,0
BRDA:363,71,1,0
BRDA:366,72,0,0
BRDA:366,72,1,0
BRDA:375,73,0,0
BRDA:375,73,1,0
BRDA:376,74,0,0
BRDA:376,74,1,0
BRDA:499,75,0,0
BRDA:499,75,1,0
BRDA:503,76,0,0
BRDA:503,76,1,0
BRDA:503,77,0,0
BRDA:503,77,1,0
BRDA:509,78,0,0
BRDA:509,78,1,0
BRDA:509,79,0,0
BRDA:509,79,1,0
BRDA:509,80,0,0
BRDA:509,80,1,0
BRDA:511,81,0,0
BRDA:511,81,1,0
BRDA:511,82,0,0
BRDA:511,82,1,0
BRDA:513,83,0,0
BRDA:513,83,1,0
BRDA:513,84,0,0
BRDA:513,84,1,0
BRDA:513,85,0,0
BRDA:513,85,1,0
BRDA:513,86,0,0
BRDA:513,86,1,0
BRDA:513,87,0,0
BRDA:513,87,1,0
BRDA:513,88,0,0
BRDA:513,88,1,0
BRDA:513,89,0,0
BRDA:513,89,1,0
BRDA:519,90,0,0
BRDA:519,90,1,0
BRDA:525,91,0,0
BRDA:525,91,1,0
BRDA:531,92,0,0
BRDA:531,92,1,0
BRDA:542,93,0,0
BRDA:542,93,1,0
BRDA:546,94,0,0
BRDA:546,94,1,0
BRDA:547,95,0,0
BRDA:547,95,1,0
BRDA:550,96,0,0
BRDA:550,96,1,0
BRDA:551,97,0,0
BRDA:551,97,1,0
BRDA:555,98,0,0
BRDA:555,98,1,0
BRDA:556,99,0,0
BRDA:556,99,1,0
BRDA:559,100,0,0
BRDA:559,100,1,0
BRDA:559,101,0,0
BRDA:559,101,1,0
BRDA:564,102,0,0
BRDA:564,102,1,0
BRDA:571,103,0,0
BRDA:571,103,1,0
BRDA:578,104,0,0
BRDA:578,104,1,0
BRDA:585,105,0,0
BRDA:585,105,1,0
BRDA:586,106,0,0
BRDA:586,106,1,0
BRDA:590,107,0,0
BRDA:590,107,1,0
BRDA:591,108,0,0
BRDA:591,108,1,0
BRF:244
BRH:0
end_of_record
TN:
SF:pages\myTrips\myTrips.vue
FN:2,_regeneratorDefine2
FN:2,_regeneratorDefine
FN:2,o
FN:2,(anonymous_3)
FN:3,asyncGeneratorStep
FN:4,_asyncToGenerator
FN:4,(anonymous_6)
FN:4,(anonymous_7)
FN:4,_next
FN:4,_throw
FN:8,data
FN:18,onLoad
FN:29,(anonymous_12)
FN:38,goToChat
FN:52,fetchTrips
FN:55,_callee
FN:57,(anonymous_16)
FN:97,loadMockTrips
FN:144,formatDate
FN:151,padZero
FN:156,getTripStatusText
FN:167,confirmCancel
FN:177,(anonymous_22)
FN:180,_callee2
FN:197,success
FN:206,handleCancel
FN:209,_callee3
FN:211,(anonymous_27)
FN:267,confirmDelete
FN:277,(anonymous_29)
FN:280,_callee4
FN:297,success
FN:306,handleDelete
FN:309,_callee5
FN:311,(anonymous_34)
FN:323,(anonymous_35)
FN:330,(anonymous_36)
FN:369,(anonymous_37)
FN:396,goToCreateTrip
FN:494,render
FN:507,(anonymous_40)
FN:510,(anonymous_41)
FN:528,(anonymous_42)
FN:534,onClick
FN:541,onClick
FNF:45
FNH:0
FNDA:0,_regeneratorDefine2
FNDA:0,_regeneratorDefine
FNDA:0,o
FNDA:0,(anonymous_3)
FNDA:0,asyncGeneratorStep
FNDA:0,_asyncToGenerator
FNDA:0,(anonymous_6)
FNDA:0,(anonymous_7)
FNDA:0,_next
FNDA:0,_throw
FNDA:0,data
FNDA:0,onLoad
FNDA:0,(anonymous_12)
FNDA:0,goToChat
FNDA:0,fetchTrips
FNDA:0,_callee
FNDA:0,(anonymous_16)
FNDA:0,loadMockTrips
FNDA:0,formatDate
FNDA:0,padZero
FNDA:0,getTripStatusText
FNDA:0,confirmCancel
FNDA:0,(anonymous_22)
FNDA:0,_callee2
FNDA:0,success
FNDA:0,handleCancel
FNDA:0,_callee3
FNDA:0,(anonymous_27)
FNDA:0,confirmDelete
FNDA:0,(anonymous_29)
FNDA:0,_callee4
FNDA:0,success
FNDA:0,handleDelete
FNDA:0,_callee5
FNDA:0,(anonymous_34)
FNDA:0,(anonymous_35)
FNDA:0,(anonymous_36)
FNDA:0,(anonymous_37)
FNDA:0,goToCreateTrip
FNDA:0,render
FNDA:0,(anonymous_40)
FNDA:0,(anonymous_41)
FNDA:0,(anonymous_42)
FNDA:0,onClick
FNDA:0,onClick
DA:2,0
DA:3,0
DA:4,0
DA:9,0
DA:20,0
DA:21,0
DA:22,0
DA:23,0
DA:25,0
DA:29,0
DA:30,0
DA:39,0
DA:40,0
DA:44,0
DA:55,0
DA:57,0
DA:58,0
DA:60,0
DA:61,0
DA:62,0
DA:63,0
DA:65,0
DA:66,0
DA:67,0
DA:68,0
DA:71,0
DA:72,0
DA:74,0
DA:75,0
DA:77,0
DA:78,0
DA:79,0
DA:83,0
DA:84,0
DA:86,0
DA:87,0
DA:88,0
DA:90,0
DA:98,0
DA:136,0
DA:145,0
DA:146,0
DA:147,0
DA:152,0
DA:157,0
DA:163,0
DA:170,0
DA:178,0
DA:198,0
DA:200,0
DA:209,0
DA:211,0
DA:212,0
DA:214,0
DA:217,0
DA:218,0
DA:219,0
DA:221,0
DA:222,0
DA:223,0
DA:234,0
DA:235,0
DA:238,0
DA:243,0
DA:244,0
DA:246,0
DA:247,0
DA:248,0
DA:251,0
DA:256,0
DA:257,0
DA:258,0
DA:260,0
DA:270,0
DA:278,0
DA:298,0
DA:300,0
DA:309,0
DA:311,0
DA:312,0
DA:314,0
DA:317,0
DA:318,0
DA:319,0
DA:320,0
DA:322,0
DA:323,0
DA:330,0
DA:335,0
DA:339,0
DA:341,0
DA:342,0
DA:344,0
DA:345,0
DA:346,0
DA:351,0
DA:353,0
DA:358,0
DA:359,0
DA:361,0
DA:362,0
DA:363,0
DA:368,0
DA:369,0
DA:374,0
DA:379,0
DA:385,0
DA:386,0
DA:387,0
DA:389,0
DA:397,0
DA:403,0
DA:405,0
DA:408,0
DA:409,0
DA:410,0
DA:413,0
DA:417,0
DA:421,0
DA:425,0
DA:428,0
DA:431,0
DA:434,0
DA:437,0
DA:440,0
DA:443,0
DA:446,0
DA:449,0
DA:452,0
DA:455,0
DA:458,0
DA:461,0
DA:464,0
DA:467,0
DA:470,0
DA:473,0
DA:476,0
DA:479,0
DA:482,0
DA:486,0
DA:489,0
DA:490,0
DA:493,0
DA:495,0
DA:508,0
DA:511,0
DA:529,0
DA:535,0
DA:542,0
DA:546,0
LF:150
LH:0
BRDA:2,0,0,0
BRDA:2,0,1,0
BRDA:2,1,0,0
BRDA:2,1,1,0
BRDA:3,2,0,0
BRDA:3,2,1,0
BRDA:21,3,0,0
BRDA:21,3,1,0
BRDA:21,4,0,0
BRDA:21,4,1,0
BRDA:58,5,0,0
BRDA:58,5,1,0
BRDA:58,5,2,0
BRDA:58,5,3,0
BRDA:58,5,4,0
BRDA:66,6,0,0
BRDA:66,6,1,0
BRDA:66,7,0,0
BRDA:66,7,1,0
BRDA:67,8,0,0
BRDA:67,8,1,0
BRDA:145,9,0,0
BRDA:145,9,1,0
BRDA:152,10,0,0
BRDA:152,10,1,0
BRDA:163,11,0,0
BRDA:163,11,1,0
BRDA:212,12,0,0
BRDA:212,12,1,0
BRDA:212,12,2,0
BRDA:212,12,3,0
BRDA:212,12,4,0
BRDA:222,13,0,0
BRDA:222,13,1,0
BRDA:222,14,0,0
BRDA:222,14,1,0
BRDA:234,15,0,0
BRDA:234,15,1,0
BRDA:239,16,0,0
BRDA:239,16,1,0
BRDA:312,17,0,0
BRDA:312,17,1,0
BRDA:312,17,2,0
BRDA:312,17,3,0
BRDA:312,17,4,0
BRDA:312,17,5,0
BRDA:312,17,6,0
BRDA:318,18,0,0
BRDA:318,18,1,0
BRDA:345,19,0,0
BRDA:345,19,1,0
BRDA:345,20,0,0
BRDA:345,20,1,0
BRDA:354,21,0,0
BRDA:354,21,1,0
BRDA:368,22,0,0
BRDA:368,22,1,0
BRDA:495,23,0,0
BRDA:495,23,1,0
BRDA:499,24,0,0
BRDA:499,24,1,0
BRDA:499,25,0,0
BRDA:499,25,1,0
BRDA:499,26,0,0
BRDA:499,26,1,0
BRDA:499,27,0,0
BRDA:499,27,1,0
BRDA:503,28,0,0
BRDA:503,28,1,0
BRDA:507,29,0,0
BRDA:507,29,1,0
BRDA:508,30,0,0
BRDA:508,30,1,0
BRDA:514,31,0,0
BRDA:514,31,1,0
BRDA:516,32,0,0
BRDA:516,32,1,0
BRDA:518,33,0,0
BRDA:518,33,1,0
BRDA:520,34,0,0
BRDA:520,34,1,0
BRDA:522,35,0,0
BRDA:522,35,1,0
BRDA:524,36,0,0
BRDA:524,36,1,0
BRDA:526,37,0,0
BRDA:526,37,1,0
BRDA:526,38,0,0
BRDA:526,38,1,0
BRDA:526,39,0,0
BRDA:526,39,1,0
BRDA:526,40,0,0
BRDA:526,40,1,0
BRDA:532,41,0,0
BRDA:532,41,1,0
BRDA:538,42,0,0
BRDA:538,42,1,0
BRF:97
BRH:0
end_of_record
TN:
SF:pages\profile\profile.vue
FN:2,_regeneratorDefine2
FN:2,_regeneratorDefine
FN:2,o
FN:2,(anonymous_3)
FN:3,asyncGeneratorStep
FN:4,_asyncToGenerator
FN:4,(anonymous_6)
FN:4,(anonymous_7)
FN:4,_next
FN:4,_throw
FN:8,data
FN:29,onLoad
FN:41,(anonymous_12)
FN:50,fetchUserProfile
FN:53,_callee
FN:55,(anonymous_15)
FN:96,handleUpdateProfile
FN:99,_callee2
FN:101,(anonymous_18)
FN:169,handleUpdatePassword
FN:172,_callee3
FN:174,(anonymous_21)
FN:231,(anonymous_22)
FN:317,render
FN:336,(anonymous_24)
FN:342,(anonymous_25)
FN:348,(anonymous_26)
FN:354,(anonymous_27)
FN:362,(anonymous_28)
FN:369,(anonymous_29)
FN:376,(anonymous_30)
FN:382,(anonymous_31)
FNF:32
FNH:0
FNDA:0,_regeneratorDefine2
FNDA:0,_regeneratorDefine
FNDA:0,o
FNDA:0,(anonymous_3)
FNDA:0,asyncGeneratorStep
FNDA:0,_asyncToGenerator
FNDA:0,(anonymous_6)
FNDA:0,(anonymous_7)
FNDA:0,_next
FNDA:0,_throw
FNDA:0,data
FNDA:0,onLoad
FNDA:0,(anonymous_12)
FNDA:0,fetchUserProfile
FNDA:0,_callee
FNDA:0,(anonymous_15)
FNDA:0,handleUpdateProfile
FNDA:0,_callee2
FNDA:0,(anonymous_18)
FNDA:0,handleUpdatePassword
FNDA:0,_callee3
FNDA:0,(anonymous_21)
FNDA:0,(anonymous_22)
FNDA:0,render
FNDA:0,(anonymous_24)
FNDA:0,(anonymous_25)
FNDA:0,(anonymous_26)
FNDA:0,(anonymous_27)
FNDA:0,(anonymous_28)
FNDA:0,(anonymous_29)
FNDA:0,(anonymous_30)
FNDA:0,(anonymous_31)
DA:2,0
DA:3,0
DA:4,0
DA:9,0
DA:30,0
DA:31,0
DA:32,0
DA:33,0
DA:35,0
DA:36,0
DA:41,0
DA:42,0
DA:53,0
DA:55,0
DA:56,0
DA:58,0
DA:59,0
DA:60,0
DA:61,0
DA:63,0
DA:64,0
DA:65,0
DA:67,0
DA:68,0
DA:69,0
DA:71,0
DA:76,0
DA:77,0
DA:79,0
DA:80,0
DA:81,0
DA:86,0
DA:87,0
DA:88,0
DA:90,0
DA:99,0
DA:101,0
DA:102,0
DA:104,0
DA:105,0
DA:106,0
DA:108,0
DA:112,0
DA:114,0
DA:115,0
DA:116,0
DA:117,0
DA:118,0
DA:121,0
DA:122,0
DA:123,0
DA:125,0
DA:126,0
DA:127,0
DA:131,0
DA:133,0
DA:134,0
DA:136,0
DA:139,0
DA:140,0
DA:141,0
DA:145,0
DA:150,0
DA:151,0
DA:153,0
DA:154,0
DA:155,0
DA:159,0
DA:160,0
DA:161,0
DA:163,0
DA:172,0
DA:174,0
DA:175,0
DA:177,0
DA:178,0
DA:179,0
DA:181,0
DA:185,0
DA:187,0
DA:188,0
DA:189,0
DA:191,0
DA:195,0
DA:197,0
DA:198,0
DA:199,0
DA:202,0
DA:206,0
DA:208,0
DA:211,0
DA:212,0
DA:213,0
DA:218,0
DA:219,0
DA:220,0
DA:225,0
DA:226,0
DA:231,0
DA:232,0
DA:237,0
DA:242,0
DA:243,0
DA:245,0
DA:246,0
DA:247,0
DA:251,0
DA:252,0
DA:253,0
DA:255,0
DA:262,0
DA:264,0
DA:267,0
DA:268,0
DA:269,0
DA:272,0
DA:276,0
DA:280,0
DA:283,0
DA:286,0
DA:289,0
DA:292,0
DA:295,0
DA:298,0
DA:301,0
DA:304,0
DA:307,0
DA:310,0
DA:313,0
DA:318,0
DA:337,0
DA:343,0
DA:349,0
DA:355,0
DA:363,0
DA:370,0
DA:377,0
DA:383,0
DA:386,0
LF:139
LH:0
BRDA:2,0,0,0
BRDA:2,0,1,0
BRDA:2,1,0,0
BRDA:2,1,1,0
BRDA:3,2,0,0
BRDA:3,2,1,0
BRDA:31,3,0,0
BRDA:31,3,1,0
BRDA:31,4,0,0
BRDA:31,4,1,0
BRDA:56,5,0,0
BRDA:56,5,1,0
BRDA:56,5,2,0
BRDA:56,5,3,0
BRDA:56,5,4,0
BRDA:64,6,0,0
BRDA:64,6,1,0
BRDA:64,7,0,0
BRDA:64,7,1,0
BRDA:64,7,2,0
BRDA:67,8,0,0
BRDA:67,8,1,0
BRDA:68,9,0,0
BRDA:68,9,1,0
BRDA:69,10,0,0
BRDA:69,10,1,0
BRDA:72,11,0,0
BRDA:72,11,1,0
BRDA:102,12,0,0
BRDA:102,12,1,0
BRDA:102,12,2,0
BRDA:102,12,3,0
BRDA:102,12,4,0
BRDA:102,12,5,0
BRDA:104,13,0,0
BRDA:104,13,1,0
BRDA:104,14,0,0
BRDA:104,14,1,0
BRDA:104,14,2,0
BRDA:115,15,0,0
BRDA:115,15,1,0
BRDA:116,16,0,0
BRDA:116,16,1,0
BRDA:117,17,0,0
BRDA:117,17,1,0
BRDA:126,18,0,0
BRDA:126,18,1,0
BRDA:126,19,0,0
BRDA:126,19,1,0
BRDA:133,20,0,0
BRDA:133,20,1,0
BRDA:134,21,0,0
BRDA:134,21,1,0
BRDA:136,22,0,0
BRDA:136,22,1,0
BRDA:136,23,0,0
BRDA:136,23,1,0
BRDA:139,24,0,0
BRDA:139,24,1,0
BRDA:146,25,0,0
BRDA:146,25,1,0
BRDA:175,26,0,0
BRDA:175,26,1,0
BRDA:175,26,2,0
BRDA:175,26,3,0
BRDA:175,26,4,0
BRDA:175,26,5,0
BRDA:175,26,6,0
BRDA:175,26,7,0
BRDA:177,27,0,0
BRDA:177,27,1,0
BRDA:177,28,0,0
BRDA:177,28,1,0
BRDA:177,28,2,0
BRDA:187,29,0,0
BRDA:187,29,1,0
BRDA:197,30,0,0
BRDA:197,30,1,0
BRDA:219,31,0,0
BRDA:219,31,1,0
BRDA:219,32,0,0
BRDA:219,32,1,0
BRDA:238,33,0,0
BRDA:238,33,1,0
BRDA:318,34,0,0
BRDA:318,34,1,0
BRDA:322,35,0,0
BRDA:322,35,1,0
BRDA:322,36,0,0
BRDA:322,36,1,0
BRDA:322,37,0,0
BRDA:322,37,1,0
BRDA:322,38,0,0
BRDA:322,38,1,0
BRDA:324,39,0,0
BRDA:324,39,1,0
BRDA:326,40,0,0
BRDA:326,40,1,0
BRDA:328,41,0,0
BRDA:328,41,1,0
BRDA:330,42,0,0
BRDA:330,42,1,0
BRDA:330,43,0,0
BRDA:330,43,1,0
BRDA:332,44,0,0
BRDA:332,44,1,0
BRDA:332,45,0,0
BRDA:332,45,1,0
BRDA:336,46,0,0
BRDA:336,46,1,0
BRDA:342,47,0,0
BRDA:342,47,1,0
BRDA:348,48,0,0
BRDA:348,48,1,0
BRDA:354,49,0,0
BRDA:354,49,1,0
BRDA:355,50,0,0
BRDA:355,50,1,0
BRDA:357,51,0,0
BRDA:357,51,1,0
BRDA:362,52,0,0
BRDA:362,52,1,0
BRDA:369,53,0,0
BRDA:369,53,1,0
BRDA:376,54,0,0
BRDA:376,54,1,0
BRDA:382,55,0,0
BRDA:382,55,1,0
BRDA:383,56,0,0
BRDA:383,56,1,0
BRDA:385,57,0,0
BRDA:385,57,1,0
BRDA:385,58,0,0
BRDA:385,58,1,0
BRF:134
BRH:0
end_of_record
TN:
SF:pages\publishTrip\publishTrip.vue
FN:2,_regeneratorDefine2
FN:2,_regeneratorDefine
FN:2,o
FN:2,(anonymous_3)
FN:3,asyncGeneratorStep
FN:4,_asyncToGenerator
FN:4,(anonymous_6)
FN:4,(anonymous_7)
FN:4,_next
FN:4,_throw
FN:8,data
FN:32,choosePoint
FN:41,initBMap
FN:55,(anonymous_13)
FN:85,onBMapClick
FN:108,(anonymous_15)
FN:136,(anonymous_16)
FN:143,(anonymous_17)
FN:160,onMapTap
FN:198,success
FN:226,fail
FN:244,complete
FN:253,updateMapMarkers
FN:301,onDateChange
FN:305,onCarChange
FN:309,getCarList
FN:312,_callee
FN:314,(anonymous_27)
FN:340,resetForm
FN:355,publishTrip
FN:358,_callee2
FN:360,(anonymous_31)
FN:402,(anonymous_32)
FN:429,handleLocationPermissionDenied
FN:435,success
FN:452,openAppSettings
FN:478,mounted
FN:486,(anonymous_37)
FN:552,render
FN:555,(anonymous_39)
FN:560,(anonymous_40)
FN:565,(anonymous_41)
FN:570,(anonymous_42)
FN:577,(anonymous_43)
FN:582,(anonymous_44)
FN:587,(anonymous_45)
FN:594,(anonymous_46)
FN:604,(anonymous_47)
FN:609,(anonymous_48)
FN:615,(anonymous_49)
FN:628,(anonymous_50)
FNF:51
FNH:0
FNDA:0,_regeneratorDefine2
FNDA:0,_regeneratorDefine
FNDA:0,o
FNDA:0,(anonymous_3)
FNDA:0,asyncGeneratorStep
FNDA:0,_asyncToGenerator
FNDA:0,(anonymous_6)
FNDA:0,(anonymous_7)
FNDA:0,_next
FNDA:0,_throw
FNDA:0,data
FNDA:0,choosePoint
FNDA:0,initBMap
FNDA:0,(anonymous_13)
FNDA:0,onBMapClick
FNDA:0,(anonymous_15)
FNDA:0,(anonymous_16)
FNDA:0,(anonymous_17)
FNDA:0,onMapTap
FNDA:0,success
FNDA:0,fail
FNDA:0,complete
FNDA:0,updateMapMarkers
FNDA:0,onDateChange
FNDA:0,onCarChange
FNDA:0,getCarList
FNDA:0,_callee
FNDA:0,(anonymous_27)
FNDA:0,resetForm
FNDA:0,publishTrip
FNDA:0,_callee2
FNDA:0,(anonymous_31)
FNDA:0,(anonymous_32)
FNDA:0,handleLocationPermissionDenied
FNDA:0,success
FNDA:0,openAppSettings
FNDA:0,mounted
FNDA:0,(anonymous_37)
FNDA:0,render
FNDA:0,(anonymous_39)
FNDA:0,(anonymous_40)
FNDA:0,(anonymous_41)
FNDA:0,(anonymous_42)
FNDA:0,(anonymous_43)
FNDA:0,(anonymous_44)
FNDA:0,(anonymous_45)
FNDA:0,(anonymous_46)
FNDA:0,(anonymous_47)
FNDA:0,(anonymous_48)
FNDA:0,(anonymous_49)
FNDA:0,(anonymous_50)
DA:2,0
DA:3,0
DA:4,0
DA:9,0
DA:33,0
DA:34,0
DA:44,0
DA:45,0
DA:49,0
DA:51,0
DA:52,0
DA:53,0
DA:54,0
DA:55,0
DA:56,0
DA:88,0
DA:89,0
DA:93,0
DA:95,0
DA:96,0
DA:100,0
DA:102,0
DA:103,0
DA:106,0
DA:107,0
DA:108,0
DA:109,0
DA:110,0
DA:112,0
DA:113,0
DA:115,0
DA:118,0
DA:123,0
DA:124,0
DA:125,0
DA:126,0
DA:127,0
DA:128,0
DA:129,0
DA:130,0
DA:132,0
DA:133,0
DA:134,0
DA:135,0
DA:136,0
DA:137,0
DA:138,0
DA:139,0
DA:142,0
DA:143,0
DA:148,0
DA:153,0
DA:163,0
DA:164,0
DA:168,0
DA:177,0
DA:178,0
DA:182,0
DA:184,0
DA:185,0
DA:188,0
DA:200,0
DA:201,0
DA:203,0
DA:206,0
DA:207,0
DA:208,0
DA:216,0
DA:217,0
DA:218,0
DA:219,0
DA:220,0
DA:221,0
DA:222,0
DA:223,0
DA:229,0
DA:230,0
DA:231,0
DA:232,0
DA:233,0
DA:234,0
DA:235,0
DA:236,0
DA:237,0
DA:239,0
DA:245,0
DA:246,0
DA:247,0
DA:254,0
DA:255,0
DA:256,0
DA:266,0
DA:267,0
DA:277,0
DA:278,0
DA:290,0
DA:292,0
DA:293,0
DA:294,0
DA:295,0
DA:296,0
DA:297,0
DA:302,0
DA:306,0
DA:312,0
DA:314,0
DA:315,0
DA:317,0
DA:318,0
DA:319,0
DA:320,0
DA:322,0
DA:324,0
DA:325,0
DA:326,0
DA:328,0
DA:329,0
DA:330,0
DA:331,0
DA:334,0
DA:341,0
DA:342,0
DA:343,0
DA:344,0
DA:345,0
DA:346,0
DA:347,0
DA:348,0
DA:349,0
DA:350,0
DA:351,0
DA:352,0
DA:358,0
DA:360,0
DA:361,0
DA:363,0
DA:364,0
DA:365,0
DA:367,0
DA:371,0
DA:373,0
DA:374,0
DA:377,0
DA:390,0
DA:391,0
DA:392,0
DA:394,0
DA:395,0
DA:396,0
DA:397,0
DA:398,0
DA:402,0
DA:403,0
DA:404,0
DA:407,0
DA:412,0
DA:413,0
DA:415,0
DA:416,0
DA:417,0
DA:418,0
DA:423,0
DA:432,0
DA:436,0
DA:438,0
DA:441,0
DA:454,0
DA:455,0
DA:456,0
DA:457,0
DA:458,0
DA:459,0
DA:460,0
DA:461,0
DA:462,0
DA:463,0
DA:464,0
DA:465,0
DA:466,0
DA:467,0
DA:468,0
DA:469,0
DA:470,0
DA:471,0
DA:472,0
DA:481,0
DA:484,0
DA:485,0
DA:486,0
DA:487,0
DA:489,0
DA:490,0
DA:491,0
DA:494,0
DA:496,0
DA:519,0
DA:521,0
DA:524,0
DA:525,0
DA:526,0
DA:529,0
DA:532,0
DA:535,0
DA:538,0
DA:541,0
DA:544,0
DA:547,0
DA:548,0
DA:553,0
DA:554,0
DA:556,0
DA:561,0
DA:566,0
DA:571,0
DA:578,0
DA:583,0
DA:588,0
DA:595,0
DA:605,0
DA:610,0
DA:616,0
DA:629,0
DA:635,0
LF:223
LH:0
BRDA:2,0,0,0
BRDA:2,0,1,0
BRDA:2,1,0,0
BRDA:2,1,1,0
BRDA:3,2,0,0
BRDA:3,2,1,0
BRDA:44,3,0,0
BRDA:44,3,1,0
BRDA:88,4,0,0
BRDA:88,4,1,0
BRDA:95,5,0,0
BRDA:95,5,1,0
BRDA:112,6,0,0
BRDA:112,6,1,0
BRDA:112,7,0,0
BRDA:112,7,1,0
BRDA:123,8,0,0
BRDA:123,8,1,0
BRDA:127,9,0,0
BRDA:127,9,1,0
BRDA:135,10,0,0
BRDA:135,10,1,0
BRDA:142,11,0,0
BRDA:142,11,1,0
BRDA:142,12,0,0
BRDA:142,12,1,0
BRDA:163,13,0,0
BRDA:163,13,1,0
BRDA:177,14,0,0
BRDA:177,14,1,0
BRDA:200,15,0,0
BRDA:200,15,1,0
BRDA:200,16,0,0
BRDA:200,16,1,0
BRDA:206,17,0,0
BRDA:206,17,1,0
BRDA:206,17,2,0
BRDA:216,18,0,0
BRDA:216,18,1,0
BRDA:220,19,0,0
BRDA:220,19,1,0
BRDA:230,20,0,0
BRDA:230,20,1,0
BRDA:234,21,0,0
BRDA:234,21,1,0
BRDA:255,22,0,0
BRDA:255,22,1,0
BRDA:255,23,0,0
BRDA:255,23,1,0
BRDA:266,24,0,0
BRDA:266,24,1,0
BRDA:266,25,0,0
BRDA:266,25,1,0
BRDA:277,26,0,0
BRDA:277,26,1,0
BRDA:277,27,0,0
BRDA:277,27,1,0
BRDA:277,27,2,0
BRDA:277,27,3,0
BRDA:292,28,0,0
BRDA:292,28,1,0
BRDA:292,29,0,0
BRDA:292,29,1,0
BRDA:295,30,0,0
BRDA:295,30,1,0
BRDA:295,31,0,0
BRDA:295,31,1,0
BRDA:315,32,0,0
BRDA:315,32,1,0
BRDA:315,32,2,0
BRDA:315,32,3,0
BRDA:318,33,0,0
BRDA:318,33,1,0
BRDA:329,34,0,0
BRDA:329,34,1,0
BRDA:329,35,0,0
BRDA:329,35,1,0
BRDA:329,35,2,0
BRDA:330,36,0,0
BRDA:330,36,1,0
BRDA:361,37,0,0
BRDA:361,37,1,0
BRDA:361,37,2,0
BRDA:361,37,3,0
BRDA:361,37,4,0
BRDA:363,38,0,0
BRDA:363,38,1,0
BRDA:363,39,0,0
BRDA:363,39,1,0
BRDA:363,39,2,0
BRDA:363,39,3,0
BRDA:363,39,4,0
BRDA:363,39,5,0
BRDA:397,40,0,0
BRDA:397,40,1,0
BRDA:408,41,0,0
BRDA:408,41,1,0
BRDA:408,41,2,0
BRDA:436,42,0,0
BRDA:436,42,1,0
BRDA:455,43,0,0
BRDA:455,43,1,0
BRDA:465,44,0,0
BRDA:465,44,1,0
BRDA:485,45,0,0
BRDA:485,45,1,0
BRDA:555,46,0,0
BRDA:555,46,1,0
BRDA:560,47,0,0
BRDA:560,47,1,0
BRDA:565,48,0,0
BRDA:565,48,1,0
BRDA:570,49,0,0
BRDA:570,49,1,0
BRDA:577,50,0,0
BRDA:577,50,1,0
BRDA:583,51,0,0
BRDA:583,51,1,0
BRDA:583,52,0,0
BRDA:583,52,1,0
BRDA:587,53,0,0
BRDA:587,53,1,0
BRDA:594,54,0,0
BRDA:594,54,1,0
BRDA:604,55,0,0
BRDA:604,55,1,0
BRDA:610,56,0,0
BRDA:610,56,1,0
BRDA:610,57,0,0
BRDA:610,57,1,0
BRDA:610,58,0,0
BRDA:610,58,1,0
BRDA:615,59,0,0
BRDA:615,59,1,0
BRDA:616,60,0,0
BRDA:616,60,1,0
BRDA:618,61,0,0
BRDA:618,61,1,0
BRDA:628,62,0,0
BRDA:628,62,1,0
BRDA:629,63,0,0
BRDA:629,63,1,0
BRDA:632,64,0,0
BRDA:632,64,1,0
BRDA:632,65,0,0
BRDA:632,65,1,0
BRF:146
BRH:0
end_of_record
TN:
SF:pages\register\register.vue
FN:4,data
FN:17,onLoad
FN:24,fetchUserTypes
FN:27,(anonymous_3)
FN:33,(anonymous_4)
FN:38,handleRegister
FN:89,(anonymous_6)
FN:99,(anonymous_7)
FN:113,(anonymous_8)
FN:125,(anonymous_9)
FN:127,(anonymous_10)
FN:133,goToLogin
FN:174,render
FN:184,(anonymous_13)
FN:192,(anonymous_14)
FN:199,(anonymous_15)
FN:206,(anonymous_16)
FN:216,(anonymous_17)
FN:228,(anonymous_18)
FN:238,(anonymous_19)
FN:243,(anonymous_20)
FNF:21
FNH:0
FNDA:0,data
FNDA:0,onLoad
FNDA:0,fetchUserTypes
FNDA:0,(anonymous_3)
FNDA:0,(anonymous_4)
FNDA:0,handleRegister
FNDA:0,(anonymous_6)
FNDA:0,(anonymous_7)
FNDA:0,(anonymous_8)
FNDA:0,(anonymous_9)
FNDA:0,(anonymous_10)
FNDA:0,goToLogin
FNDA:0,render
FNDA:0,(anonymous_13)
FNDA:0,(anonymous_14)
FNDA:0,(anonymous_15)
FNDA:0,(anonymous_16)
FNDA:0,(anonymous_17)
FNDA:0,(anonymous_18)
FNDA:0,(anonymous_19)
FNDA:0,(anonymous_20)
DA:5,0
DA:19,0
DA:27,0
DA:28,0
DA:29,0
DA:34,0
DA:40,0
DA:41,0
DA:45,0
DA:47,0
DA:48,0
DA:52,0
DA:54,0
DA:55,0
DA:59,0
DA:61,0
DA:62,0
DA:66,0
DA:68,0
DA:69,0
DA:73,0
DA:75,0
DA:76,0
DA:80,0
DA:84,0
DA:89,0
DA:90,0
DA:91,0
DA:93,0
DA:99,0
DA:100,0
DA:106,0
DA:115,0
DA:116,0
DA:118,0
DA:127,0
DA:128,0
DA:134,0
DA:140,0
DA:142,0
DA:145,0
DA:146,0
DA:147,0
DA:150,0
DA:153,0
DA:156,0
DA:159,0
DA:162,0
DA:165,0
DA:168,0
DA:171,0
DA:175,0
DA:185,0
DA:193,0
DA:200,0
DA:207,0
DA:217,0
DA:229,0
DA:239,0
DA:244,0
DA:247,0
LF:61
LH:0
BRDA:28,0,0,0
BRDA:28,0,1,0
BRDA:40,1,0,0
BRDA:40,1,1,0
BRDA:47,2,0,0
BRDA:47,2,1,0
BRDA:54,3,0,0
BRDA:54,3,1,0
BRDA:61,4,0,0
BRDA:61,4,1,0
BRDA:68,5,0,0
BRDA:68,5,1,0
BRDA:75,6,0,0
BRDA:75,6,1,0
BRDA:91,7,0,0
BRDA:91,7,1,0
BRDA:107,8,0,0
BRDA:107,8,1,0
BRDA:175,9,0,0
BRDA:175,9,1,0
BRDA:184,10,0,0
BRDA:184,10,1,0
BRDA:192,11,0,0
BRDA:192,11,1,0
BRDA:199,12,0,0
BRDA:199,12,1,0
BRDA:206,13,0,0
BRDA:206,13,1,0
BRDA:210,14,0,0
BRDA:210,14,1,0
BRDA:216,15,0,0
BRDA:216,15,1,0
BRDA:219,16,0,0
BRDA:219,16,1,0
BRDA:228,17,0,0
BRDA:228,17,1,0
BRDA:231,18,0,0
BRDA:231,18,1,0
BRDA:238,19,0,0
BRDA:238,19,1,0
BRDA:239,20,0,0
BRDA:239,20,1,0
BRDA:243,21,0,0
BRDA:243,21,1,0
BRDA:244,22,0,0
BRDA:244,22,1,0
BRF:46
BRH:0
end_of_record
TN:
SF:pages\searchTrip\searchTrip.vue
FN:2,_regeneratorDefine2
FN:2,_regeneratorDefine
FN:2,o
FN:2,(anonymous_3)
FN:3,asyncGeneratorStep
FN:4,_asyncToGenerator
FN:4,(anonymous_6)
FN:4,(anonymous_7)
FN:4,_next
FN:4,_throw
FN:14,data
FN:39,onShow
FN:47,choosePoint
FN:56,initBMap
FN:70,(anonymous_14)
FN:74,(anonymous_15)
FN:86,onBMapClick
FN:109,(anonymous_17)
FN:137,(anonymous_18)
FN:144,(anonymous_19)
FN:161,onMapTap
FN:206,success
FN:230,fail
FN:244,complete
FN:253,onMarkerTap
FN:260,onDateChange
FN:264,searchTrips
FN:268,_callee
FN:270,(anonymous_28)
FN:339,applyForTrip
FN:342,_callee2
FN:344,(anonymous_31)
FN:359,(anonymous_32)
FN:405,confirmOrder
FN:408,_callee3
FN:410,(anonymous_35)
FN:460,cancelOrder
FN:463,_callee4
FN:465,(anonymous_38)
FN:506,formatOrderTime
FN:512,orderStatusText
FN:525,payStatusText
FN:536,updateMapMarkers
FN:577,mounted
FN:583,(anonymous_44)
FN:599,success
FN:607,onReady
FN:682,render
FN:686,(anonymous_48)
FN:691,(anonymous_49)
FN:696,(anonymous_50)
FN:701,(anonymous_51)
FN:708,(anonymous_52)
FN:713,(anonymous_53)
FN:719,(anonymous_54)
FN:732,(anonymous_55)
FN:735,(anonymous_56)
FN:739,(anonymous_57)
FN:747,onClick
FN:755,(anonymous_59)
FN:760,(anonymous_60)
FN:765,(anonymous_61)
FNF:62
FNH:0
FNDA:0,_regeneratorDefine2
FNDA:0,_regeneratorDefine
FNDA:0,o
FNDA:0,(anonymous_3)
FNDA:0,asyncGeneratorStep
FNDA:0,_asyncToGenerator
FNDA:0,(anonymous_6)
FNDA:0,(anonymous_7)
FNDA:0,_next
FNDA:0,_throw
FNDA:0,data
FNDA:0,onShow
FNDA:0,choosePoint
FNDA:0,initBMap
FNDA:0,(anonymous_14)
FNDA:0,(anonymous_15)
FNDA:0,onBMapClick
FNDA:0,(anonymous_17)
FNDA:0,(anonymous_18)
FNDA:0,(anonymous_19)
FNDA:0,onMapTap
FNDA:0,success
FNDA:0,fail
FNDA:0,complete
FNDA:0,onMarkerTap
FNDA:0,onDateChange
FNDA:0,searchTrips
FNDA:0,_callee
FNDA:0,(anonymous_28)
FNDA:0,applyForTrip
FNDA:0,_callee2
FNDA:0,(anonymous_31)
FNDA:0,(anonymous_32)
FNDA:0,confirmOrder
FNDA:0,_callee3
FNDA:0,(anonymous_35)
FNDA:0,cancelOrder
FNDA:0,_callee4
FNDA:0,(anonymous_38)
FNDA:0,formatOrderTime
FNDA:0,orderStatusText
FNDA:0,payStatusText
FNDA:0,updateMapMarkers
FNDA:0,mounted
FNDA:0,(anonymous_44)
FNDA:0,success
FNDA:0,onReady
FNDA:0,render
FNDA:0,(anonymous_48)
FNDA:0,(anonymous_49)
FNDA:0,(anonymous_50)
FNDA:0,(anonymous_51)
FNDA:0,(anonymous_52)
FNDA:0,(anonymous_53)
FNDA:0,(anonymous_54)
FNDA:0,(anonymous_55)
FNDA:0,(anonymous_56)
FNDA:0,(anonymous_57)
FNDA:0,onClick
FNDA:0,(anonymous_59)
FNDA:0,(anonymous_60)
FNDA:0,(anonymous_61)
DA:2,0
DA:3,0
DA:4,0
DA:15,0
DA:41,0
DA:42,0
DA:48,0
DA:49,0
DA:59,0
DA:60,0
DA:64,0
DA:66,0
DA:67,0
DA:68,0
DA:69,0
DA:70,0
DA:71,0
DA:73,0
DA:74,0
DA:75,0
DA:77,0
DA:78,0
DA:79,0
DA:81,0
DA:89,0
DA:90,0
DA:94,0
DA:96,0
DA:97,0
DA:101,0
DA:103,0
DA:104,0
DA:107,0
DA:108,0
DA:109,0
DA:110,0
DA:111,0
DA:113,0
DA:114,0
DA:116,0
DA:119,0
DA:124,0
DA:125,0
DA:126,0
DA:127,0
DA:128,0
DA:129,0
DA:130,0
DA:131,0
DA:133,0
DA:134,0
DA:135,0
DA:136,0
DA:137,0
DA:138,0
DA:139,0
DA:140,0
DA:143,0
DA:144,0
DA:149,0
DA:154,0
DA:164,0
DA:165,0
DA:169,0
DA:178,0
DA:179,0
DA:183,0
DA:185,0
DA:186,0
DA:189,0
DA:190,0
DA:191,0
DA:192,0
DA:193,0
DA:194,0
DA:196,0
DA:208,0
DA:209,0
DA:211,0
DA:214,0
DA:215,0
DA:216,0
DA:224,0
DA:225,0
DA:226,0
DA:227,0
DA:233,0
DA:234,0
DA:235,0
DA:236,0
DA:237,0
DA:239,0
DA:245,0
DA:246,0
DA:247,0
DA:254,0
DA:261,0
DA:268,0
DA:270,0
DA:271,0
DA:273,0
DA:274,0
DA:275,0
DA:276,0
DA:278,0
DA:280,0
DA:285,0
DA:287,0
DA:288,0
DA:289,0
DA:291,0
DA:295,0
DA:297,0
DA:300,0
DA:301,0
DA:308,0
DA:309,0
DA:311,0
DA:312,0
DA:313,0
DA:314,0
DA:316,0
DA:317,0
DA:319,0
DA:320,0
DA:321,0
DA:323,0
DA:324,0
DA:325,0
DA:326,0
DA:327,0
DA:328,0
DA:333,0
DA:342,0
DA:344,0
DA:345,0
DA:347,0
DA:348,0
DA:349,0
DA:350,0
DA:352,0
DA:356,0
DA:359,0
DA:364,0
DA:365,0
DA:366,0
DA:368,0
DA:370,0
DA:373,0
DA:374,0
DA:375,0
DA:382,0
DA:383,0
DA:384,0
DA:385,0
DA:386,0
DA:387,0
DA:388,0
DA:389,0
DA:391,0
DA:392,0
DA:393,0
DA:394,0
DA:399,0
DA:408,0
DA:410,0
DA:411,0
DA:413,0
DA:414,0
DA:415,0
DA:417,0
DA:419,0
DA:422,0
DA:423,0
DA:424,0
DA:426,0
DA:427,0
DA:428,0
DA:429,0
DA:430,0
DA:431,0
DA:436,0
DA:438,0
DA:443,0
DA:444,0
DA:446,0
DA:447,0
DA:448,0
DA:449,0
DA:454,0
DA:463,0
DA:465,0
DA:466,0
DA:468,0
DA:469,0
DA:470,0
DA:472,0
DA:474,0
DA:477,0
DA:478,0
DA:479,0
DA:481,0
DA:482,0
DA:486,0
DA:487,0
DA:488,0
DA:489,0
DA:490,0
DA:492,0
DA:493,0
DA:494,0
DA:495,0
DA:500,0
DA:507,0
DA:508,0
DA:509,0
DA:513,0
DA:515,0
DA:517,0
DA:519,0
DA:521,0
DA:526,0
DA:528,0
DA:530,0
DA:532,0
DA:537,0
DA:538,0
DA:539,0
DA:540,0
DA:550,0
DA:551,0
DA:561,0
DA:562,0
DA:581,0
DA:582,0
DA:583,0
DA:584,0
DA:586,0
DA:587,0
DA:588,0
DA:591,0
DA:593,0
DA:597,0
DA:600,0
DA:601,0
DA:609,0
DA:611,0
DA:614,0
DA:615,0
DA:616,0
DA:619,0
DA:622,0
DA:625,0
DA:628,0
DA:631,0
DA:632,0
DA:636,0
DA:639,0
DA:642,0
DA:645,0
DA:648,0
DA:649,0
DA:652,0
DA:655,0
DA:658,0
DA:661,0
DA:664,0
DA:667,0
DA:670,0
DA:673,0
DA:676,0
DA:679,0
DA:683,0
DA:684,0
DA:685,0
DA:687,0
DA:692,0
DA:697,0
DA:702,0
DA:709,0
DA:714,0
DA:720,0
DA:733,0
DA:736,0
DA:740,0
DA:748,0
DA:756,0
DA:761,0
DA:766,0
DA:772,0
LF:290
LH:0
BRDA:2,0,0,0
BRDA:2,0,1,0
BRDA:2,1,0,0
BRDA:2,1,1,0
BRDA:3,2,0,0
BRDA:3,2,1,0
BRDA:41,3,0,0
BRDA:41,3,1,0
BRDA:59,4,0,0
BRDA:59,4,1,0
BRDA:75,5,0,0
BRDA:75,5,1,0
BRDA:89,6,0,0
BRDA:89,6,1,0
BRDA:96,7,0,0
BRDA:96,7,1,0
BRDA:113,8,0,0
BRDA:113,8,1,0
BRDA:113,9,0,0
BRDA:113,9,1,0
BRDA:124,10,0,0
BRDA:124,10,1,0
BRDA:128,11,0,0
BRDA:128,11,1,0
BRDA:136,12,0,0
BRDA:136,12,1,0
BRDA:143,13,0,0
BRDA:143,13,1,0
BRDA:143,14,0,0
BRDA:143,14,1,0
BRDA:164,15,0,0
BRDA:164,15,1,0
BRDA:178,16,0,0
BRDA:178,16,1,0
BRDA:189,17,0,0
BRDA:189,17,1,0
BRDA:192,18,0,0
BRDA:192,18,1,0
BRDA:208,19,0,0
BRDA:208,19,1,0
BRDA:208,20,0,0
BRDA:208,20,1,0
BRDA:214,21,0,0
BRDA:214,21,1,0
BRDA:214,21,2,0
BRDA:224,22,0,0
BRDA:224,22,1,0
BRDA:226,23,0,0
BRDA:226,23,1,0
BRDA:234,24,0,0
BRDA:234,24,1,0
BRDA:236,25,0,0
BRDA:236,25,1,0
BRDA:271,26,0,0
BRDA:271,26,1,0
BRDA:271,26,2,0
BRDA:271,26,3,0
BRDA:271,26,4,0
BRDA:271,26,5,0
BRDA:273,27,0,0
BRDA:273,27,1,0
BRDA:273,28,0,0
BRDA:273,28,1,0
BRDA:274,29,0,0
BRDA:274,29,1,0
BRDA:274,30,0,0
BRDA:274,30,1,0
BRDA:278,31,0,0
BRDA:278,31,1,0
BRDA:287,32,0,0
BRDA:287,32,1,0
BRDA:313,33,0,0
BRDA:313,33,1,0
BRDA:345,34,0,0
BRDA:345,34,1,0
BRDA:345,34,2,0
BRDA:345,34,3,0
BRDA:345,34,4,0
BRDA:345,34,5,0
BRDA:348,35,0,0
BRDA:348,35,1,0
BRDA:364,36,0,0
BRDA:364,36,1,0
BRDA:411,37,0,0
BRDA:411,37,1,0
BRDA:411,37,2,0
BRDA:411,37,3,0
BRDA:411,37,4,0
BRDA:413,38,0,0
BRDA:413,38,1,0
BRDA:427,39,0,0
BRDA:427,39,1,0
BRDA:439,40,0,0
BRDA:439,40,1,0
BRDA:466,41,0,0
BRDA:466,41,1,0
BRDA:466,41,2,0
BRDA:466,41,3,0
BRDA:466,41,4,0
BRDA:468,42,0,0
BRDA:468,42,1,0
BRDA:507,43,0,0
BRDA:507,43,1,0
BRDA:513,44,0,0
BRDA:513,44,1,0
BRDA:513,44,2,0
BRDA:513,44,3,0
BRDA:526,45,0,0
BRDA:526,45,1,0
BRDA:526,45,2,0
BRDA:539,46,0,0
BRDA:539,46,1,0
BRDA:539,47,0,0
BRDA:539,47,1,0
BRDA:550,48,0,0
BRDA:550,48,1,0
BRDA:550,49,0,0
BRDA:550,49,1,0
BRDA:561,50,0,0
BRDA:561,50,1,0
BRDA:561,51,0,0
BRDA:561,51,1,0
BRDA:561,51,2,0
BRDA:561,51,3,0
BRDA:582,52,0,0
BRDA:582,52,1,0
BRDA:686,53,0,0
BRDA:686,53,1,0
BRDA:691,54,0,0
BRDA:691,54,1,0
BRDA:696,55,0,0
BRDA:696,55,1,0
BRDA:701,56,0,0
BRDA:701,56,1,0
BRDA:708,57,0,0
BRDA:708,57,1,0
BRDA:714,58,0,0
BRDA:714,58,1,0
BRDA:714,59,0,0
BRDA:714,59,1,0
BRDA:719,60,0,0
BRDA:719,60,1,0
BRDA:720,61,0,0
BRDA:720,61,1,0
BRDA:722,62,0,0
BRDA:722,62,1,0
BRDA:732,63,0,0
BRDA:732,63,1,0
BRDA:733,64,0,0
BRDA:733,64,1,0
BRDA:735,65,0,0
BRDA:735,65,1,0
BRDA:736,66,0,0
BRDA:736,66,1,0
BRDA:739,67,0,0
BRDA:739,67,1,0
BRDA:739,68,0,0
BRDA:739,68,1,0
BRDA:743,69,0,0
BRDA:743,69,1,0
BRDA:756,70,0,0
BRDA:756,70,1,0
BRDA:758,71,0,0
BRDA:758,71,1,0
BRDA:758,72,0,0
BRDA:758,72,1,0
BRDA:758,73,0,0
BRDA:758,73,1,0
BRDA:758,74,0,0
BRDA:758,74,1,0
BRDA:758,75,0,0
BRDA:758,75,1,0
BRDA:758,76,0,0
BRDA:758,76,1,0
BRDA:758,77,0,0
BRDA:758,77,1,0
BRDA:758,78,0,0
BRDA:758,78,1,0
BRDA:758,79,0,0
BRDA:758,79,1,0
BRDA:758,80,0,0
BRDA:758,80,1,0
BRDA:758,81,0,0
BRDA:758,81,1,0
BRDA:758,82,0,0
BRDA:758,82,1,0
BRDA:758,83,0,0
BRDA:758,83,1,0
BRDA:758,84,0,0
BRDA:758,84,1,0
BRDA:758,85,0,0
BRDA:758,85,1,0
BRDA:758,86,0,0
BRDA:758,86,1,0
BRDA:758,87,0,0
BRDA:758,87,1,0
BRDA:760,88,0,0
BRDA:760,88,1,0
BRDA:761,89,0,0
BRDA:761,89,1,0
BRDA:765,90,0,0
BRDA:765,90,1,0
BRDA:766,91,0,0
BRDA:766,91,1,0
BRF:204
BRH:0
end_of_record
